{"/home/travis/build/npmtest/node-npmtest-ampersand/test.js":{"path":"/home/travis/build/npmtest/node-npmtest-ampersand/test.js","s":{"1":2,"2":2,"3":2,"4":2,"5":2,"6":2,"7":2,"8":1,"9":2,"10":2,"11":1,"12":1,"13":1,"14":1,"15":2,"16":2,"17":2,"18":2,"19":1,"20":1,"21":2,"22":2,"23":2,"24":1,"25":1,"26":1,"27":1,"28":1,"29":1,"30":1,"31":1,"32":1,"33":1,"34":1,"35":1,"36":1,"37":1,"38":1,"39":2,"40":2,"41":1,"42":2,"43":2,"44":1,"45":2,"46":2,"47":1,"48":2,"49":2,"50":1,"51":1,"52":1,"53":1,"54":1},"b":{"1":[2,1,1,1],"2":[1,1,1,1],"3":[1,1],"4":[1,1],"5":[1,1],"6":[1,1],"7":[1,1],"8":[1,1],"9":[1,1],"10":[1,1,1],"11":[1,1],"12":[1,1],"13":[1,1],"14":[1,1],"15":[1,1],"16":[1,1],"17":[1,1]},"f":{"1":2,"2":2,"3":2,"4":2,"5":2,"6":1,"7":1,"8":1,"9":2,"10":2,"11":2,"12":2,"13":1},"fnMap":{"1":{"name":"(anonymous_1)","line":12,"loc":{"start":{"line":12,"column":1},"end":{"line":12,"column":13}}},"2":{"name":"(anonymous_2)","line":19,"loc":{"start":{"line":19,"column":5},"end":{"line":19,"column":17}}},"3":{"name":"(anonymous_3)","line":23,"loc":{"start":{"line":23,"column":24},"end":{"line":23,"column":36}}},"4":{"name":"(anonymous_4)","line":61,"loc":{"start":{"line":61,"column":5},"end":{"line":61,"column":17}}},"5":{"name":"(anonymous_5)","line":82,"loc":{"start":{"line":82,"column":5},"end":{"line":82,"column":17}}},"6":{"name":"(anonymous_6)","line":91,"loc":{"start":{"line":91,"column":77},"end":{"line":94,"column":10}}},"7":{"name":"(anonymous_7)","line":112,"loc":{"start":{"line":112,"column":83},"end":{"line":115,"column":10}},"skip":true},"8":{"name":"(anonymous_8)","line":123,"loc":{"start":{"line":123,"column":77},"end":{"line":126,"column":10}},"skip":true},"9":{"name":"(anonymous_9)","line":139,"loc":{"start":{"line":139,"column":12},"end":{"line":139,"column":40}},"skip":true},"10":{"name":"(anonymous_10)","line":147,"loc":{"start":{"line":147,"column":77},"end":{"line":150,"column":10}},"skip":true},"11":{"name":"(anonymous_11)","line":158,"loc":{"start":{"line":158,"column":83},"end":{"line":161,"column":10}},"skip":true},"12":{"name":"(anonymous_12)","line":169,"loc":{"start":{"line":169,"column":79},"end":{"line":172,"column":10}},"skip":true},"13":{"name":"(anonymous_13)","line":180,"loc":{"start":{"line":180,"column":75},"end":{"line":183,"column":10}},"skip":true}},"statementMap":{"1":{"start":{"line":12,"column":0},"end":{"line":195,"column":5}},"2":{"start":{"line":14,"column":4},"end":{"line":14,"column":14}},"3":{"start":{"line":19,"column":4},"end":{"line":56,"column":9}},"4":{"start":{"line":21,"column":8},"end":{"line":21,"column":19}},"5":{"start":{"line":23,"column":8},"end":{"line":35,"column":13}},"6":{"start":{"line":24,"column":12},"end":{"line":34,"column":13}},"7":{"start":{"line":25,"column":16},"end":{"line":28,"column":30}},"8":{"start":{"line":30,"column":16},"end":{"line":33,"column":27}},"9":{"start":{"line":37,"column":8},"end":{"line":39,"column":21}},"10":{"start":{"line":40,"column":8},"end":{"line":53,"column":9}},"11":{"start":{"line":43,"column":12},"end":{"line":46,"column":14}},"12":{"start":{"line":47,"column":12},"end":{"line":47,"column":18}},"13":{"start":{"line":50,"column":12},"end":{"line":51,"column":46}},"14":{"start":{"line":52,"column":12},"end":{"line":52,"column":18}},"15":{"start":{"line":55,"column":8},"end":{"line":55,"column":35}},"16":{"start":{"line":61,"column":4},"end":{"line":63,"column":9}},"17":{"start":{"line":62,"column":8},"end":{"line":62,"column":15}},"18":{"start":{"line":64,"column":4},"end":{"line":77,"column":5}},"19":{"start":{"line":70,"column":8},"end":{"line":70,"column":14}},"20":{"start":{"line":76,"column":8},"end":{"line":76,"column":14}},"21":{"start":{"line":82,"column":4},"end":{"line":84,"column":9}},"22":{"start":{"line":83,"column":8},"end":{"line":83,"column":15}},"23":{"start":{"line":85,"column":4},"end":{"line":194,"column":5}},"24":{"start":{"line":91,"column":8},"end":{"line":99,"column":10}},"25":{"start":{"line":98,"column":12},"end":{"line":98,"column":35}},"26":{"start":{"line":102,"column":8},"end":{"line":104,"column":63}},"27":{"start":{"line":105,"column":8},"end":{"line":105,"column":14}},"28":{"start":{"line":112,"column":8},"end":{"line":121,"column":10},"skip":true},"29":{"start":{"line":119,"column":12},"end":{"line":119,"column":55},"skip":true},"30":{"start":{"line":120,"column":12},"end":{"line":120,"column":48},"skip":true},"31":{"start":{"line":123,"column":8},"end":{"line":136,"column":10},"skip":true},"32":{"start":{"line":130,"column":12},"end":{"line":130,"column":76},"skip":true},"33":{"start":{"line":131,"column":12},"end":{"line":131,"column":73},"skip":true},"34":{"start":{"line":132,"column":12},"end":{"line":132,"column":74},"skip":true},"35":{"start":{"line":133,"column":12},"end":{"line":133,"column":79},"skip":true},"36":{"start":{"line":134,"column":12},"end":{"line":134,"column":25},"skip":true},"37":{"start":{"line":135,"column":12},"end":{"line":135,"column":45},"skip":true},"38":{"start":{"line":138,"column":8},"end":{"line":145,"column":14},"skip":true},"39":{"start":{"line":143,"column":16},"end":{"line":143,"column":29},"skip":true},"40":{"start":{"line":144,"column":16},"end":{"line":144,"column":55},"skip":true},"41":{"start":{"line":147,"column":8},"end":{"line":156,"column":10},"skip":true},"42":{"start":{"line":154,"column":12},"end":{"line":154,"column":25},"skip":true},"43":{"start":{"line":155,"column":12},"end":{"line":155,"column":45},"skip":true},"44":{"start":{"line":158,"column":8},"end":{"line":167,"column":10},"skip":true},"45":{"start":{"line":165,"column":12},"end":{"line":165,"column":25},"skip":true},"46":{"start":{"line":166,"column":12},"end":{"line":166,"column":48},"skip":true},"47":{"start":{"line":169,"column":8},"end":{"line":178,"column":10},"skip":true},"48":{"start":{"line":176,"column":12},"end":{"line":176,"column":25},"skip":true},"49":{"start":{"line":177,"column":12},"end":{"line":177,"column":46},"skip":true},"50":{"start":{"line":180,"column":8},"end":{"line":189,"column":10},"skip":true},"51":{"start":{"line":187,"column":12},"end":{"line":187,"column":94},"skip":true},"52":{"start":{"line":188,"column":12},"end":{"line":188,"column":48},"skip":true},"53":{"start":{"line":192,"column":8},"end":{"line":192,"column":35},"skip":true},"54":{"start":{"line":193,"column":8},"end":{"line":193,"column":14},"skip":true}},"branchMap":{"1":{"line":25,"type":"binary-expr","locations":[{"start":{"line":25,"column":23},"end":{"line":25,"column":62}},{"start":{"line":26,"column":20},"end":{"line":26,"column":70}},{"start":{"line":27,"column":20},"end":{"line":27,"column":71}},{"start":{"line":28,"column":20},"end":{"line":28,"column":29}}]},"2":{"line":30,"type":"binary-expr","locations":[{"start":{"line":30,"column":23},"end":{"line":30,"column":37}},{"start":{"line":31,"column":20},"end":{"line":31,"column":61}},{"start":{"line":32,"column":20},"end":{"line":32,"column":70}},{"start":{"line":33,"column":20},"end":{"line":33,"column":26}}]},"3":{"line":37,"type":"cond-expr","locations":[{"start":{"line":38,"column":14},"end":{"line":38,"column":20}},{"start":{"line":39,"column":14},"end":{"line":39,"column":20}}]},"4":{"line":40,"type":"switch","locations":[{"start":{"line":42,"column":8},"end":{"line":47,"column":18}},{"start":{"line":49,"column":8},"end":{"line":52,"column":18}}]},"5":{"line":44,"type":"binary-expr","locations":[{"start":{"line":44,"column":16},"end":{"line":44,"column":44}},{"start":{"line":44,"column":48},"end":{"line":44,"column":66}}]},"6":{"line":50,"type":"binary-expr","locations":[{"start":{"line":50,"column":21},"end":{"line":50,"column":49}},{"start":{"line":50,"column":53},"end":{"line":50,"column":72}}]},"7":{"line":64,"type":"switch","locations":[{"start":{"line":69,"column":4},"end":{"line":70,"column":14}},{"start":{"line":75,"column":4},"end":{"line":76,"column":14}}]},"8":{"line":85,"type":"switch","locations":[{"start":{"line":90,"column":4},"end":{"line":105,"column":14}},{"start":{"line":111,"column":4},"end":{"line":193,"column":14},"skip":true}]},"9":{"line":91,"type":"binary-expr","locations":[{"start":{"line":91,"column":42},"end":{"line":91,"column":73}},{"start":{"line":91,"column":77},"end":{"line":99,"column":9}}]},"10":{"line":102,"type":"binary-expr","locations":[{"start":{"line":102,"column":18},"end":{"line":102,"column":32}},{"start":{"line":103,"column":12},"end":{"line":103,"column":53}},{"start":{"line":104,"column":12},"end":{"line":104,"column":61}}]},"11":{"line":112,"type":"binary-expr","locations":[{"start":{"line":112,"column":45},"end":{"line":112,"column":79},"skip":true},{"start":{"line":112,"column":83},"end":{"line":121,"column":9},"skip":true}]},"12":{"line":123,"type":"binary-expr","locations":[{"start":{"line":123,"column":42},"end":{"line":123,"column":73},"skip":true},{"start":{"line":123,"column":77},"end":{"line":136,"column":9},"skip":true}]},"13":{"line":138,"type":"binary-expr","locations":[{"start":{"line":138,"column":48},"end":{"line":138,"column":85},"skip":true},{"start":{"line":139,"column":12},"end":{"line":145,"column":13},"skip":true}]},"14":{"line":147,"type":"binary-expr","locations":[{"start":{"line":147,"column":42},"end":{"line":147,"column":73},"skip":true},{"start":{"line":147,"column":77},"end":{"line":156,"column":9},"skip":true}]},"15":{"line":158,"type":"binary-expr","locations":[{"start":{"line":158,"column":45},"end":{"line":158,"column":79},"skip":true},{"start":{"line":158,"column":83},"end":{"line":167,"column":9},"skip":true}]},"16":{"line":169,"type":"binary-expr","locations":[{"start":{"line":169,"column":43},"end":{"line":169,"column":75},"skip":true},{"start":{"line":169,"column":79},"end":{"line":178,"column":9},"skip":true}]},"17":{"line":180,"type":"binary-expr","locations":[{"start":{"line":180,"column":41},"end":{"line":180,"column":71},"skip":true},{"start":{"line":180,"column":75},"end":{"line":189,"column":9},"skip":true}]}},"code":["/* istanbul instrument in package npmtest_ampersand */","/*jslint","    bitwise: true,","    browser: true,","    maxerr: 8,","    maxlen: 96,","    node: true,","    nomen: true,","    regexp: true,","    stupid: true","*/","(function () {","    'use strict';","    var local;","","","","    // run shared js-env code - pre-init","    (function () {","        // init local","        local = {};","        // init modeJs","        local.modeJs = (function () {","            try {","                return typeof navigator.userAgent === 'string' &&","                    typeof document.querySelector('body') === 'object' &&","                    typeof XMLHttpRequest.prototype.open === 'function' &&","                    'browser';","            } catch (errorCaughtBrowser) {","                return module.exports &&","                    typeof process.versions.node === 'string' &&","                    typeof require('http').createServer === 'function' &&","                    'node';","            }","        }());","        // init global","        local.global = local.modeJs === 'browser'","            ? window","            : global;","        switch (local.modeJs) {","        // re-init local from window.local","        case 'browser':","            local = local.global.utility2.objectSetDefault(","                local.global.utility2_rollup || local.global.local,","                local.global.utility2","            );","            break;","        // re-init local from example.js","        case 'node':","            local = (local.global.utility2_rollup || require('utility2'))","                .requireExampleJsFromReadme();","            break;","        }","        // export local","        local.global.local = local;","    }());","","","","    // run shared js-env code - function","    (function () {","        return;","    }());","    switch (local.modeJs) {","","","","    // run browser js-env code - function","    case 'browser':","        break;","","","","    // run node js-env code - function","    case 'node':","        break;","    }","","","","    // run shared js-env code - post-init","    (function () {","        return;","    }());","    switch (local.modeJs) {","","","","    // run browser js-env code - post-init","    case 'browser':","        local.testCase_browser_nullCase = local.testCase_browser_nullCase || function (","            options,","            onError","        ) {","        /*","         * this function will test browsers's null-case handling-behavior-behavior","         */","            onError(null, options);","        };","","        // run tests","        local.nop(local.modeTest &&","            document.querySelector('#testRunButton1') &&","            document.querySelector('#testRunButton1').click());","        break;","","","","    // run node js-env code - post-init","    /* istanbul ignore next */","    case 'node':","        local.testCase_buildApidoc_default = local.testCase_buildApidoc_default || function (","            options,","            onError","        ) {","        /*","         * this function will test buildApidoc's default handling-behavior-behavior","         */","            options = { modulePathList: module.paths };","            local.buildApidoc(options, onError);","        };","","        local.testCase_buildApp_default = local.testCase_buildApp_default || function (","            options,","            onError","        ) {","        /*","         * this function will test buildApp's default handling-behavior-behavior","         */","            local.testCase_buildReadme_default(options, local.onErrorThrow);","            local.testCase_buildLib_default(options, local.onErrorThrow);","            local.testCase_buildTest_default(options, local.onErrorThrow);","            local.testCase_buildCustomOrg_default(options, local.onErrorThrow);","            options = [];","            local.buildApp(options, onError);","        };","","        local.testCase_buildCustomOrg_default = local.testCase_buildCustomOrg_default ||","            function (options, onError) {","            /*","             * this function will test buildCustomOrg's default handling-behavior","             */","                options = {};","                local.buildCustomOrg(options, onError);","            };","","        local.testCase_buildLib_default = local.testCase_buildLib_default || function (","            options,","            onError","        ) {","        /*","         * this function will test buildLib's default handling-behavior","         */","            options = {};","            local.buildLib(options, onError);","        };","","        local.testCase_buildReadme_default = local.testCase_buildReadme_default || function (","            options,","            onError","        ) {","        /*","         * this function will test buildReadme's default handling-behavior-behavior","         */","            options = {};","            local.buildReadme(options, onError);","        };","","        local.testCase_buildTest_default = local.testCase_buildTest_default || function (","            options,","            onError","        ) {","        /*","         * this function will test buildTest's default handling-behavior","         */","            options = {};","            local.buildTest(options, onError);","        };","","        local.testCase_webpage_default = local.testCase_webpage_default || function (","            options,","            onError","        ) {","        /*","         * this function will test webpage's default handling-behavior","         */","            options = { modeCoverageMerge: true, url: local.serverLocalHost + '?modeTest=1' };","            local.browserTest(options, onError);","        };","","        // run test-server","        local.testRunServer(local);","        break;","    }","}());",""],"l":{"12":2,"14":2,"19":2,"21":2,"23":2,"24":2,"25":2,"30":1,"37":2,"40":2,"43":1,"47":1,"50":1,"52":1,"55":2,"61":2,"62":2,"64":2,"70":1,"76":1,"82":2,"83":2,"85":2,"91":1,"98":1,"102":1,"105":1,"112":1,"119":1,"120":1,"123":1,"130":1,"131":1,"132":1,"133":1,"134":1,"135":1,"138":1,"143":2,"144":2,"147":1,"154":2,"155":2,"158":1,"165":2,"166":2,"169":1,"176":2,"177":2,"180":1,"187":1,"188":1,"192":1,"193":1}},"/home/travis/build/npmtest/node-npmtest-ampersand/lib.npmtest_ampersand.js":{"path":"/home/travis/build/npmtest/node-npmtest-ampersand/lib.npmtest_ampersand.js","s":{"1":2,"2":2,"3":2,"4":2,"5":2,"6":2,"7":2,"8":1,"9":2,"10":2,"11":2,"12":2,"13":1,"14":1,"15":1,"16":1},"b":{"1":[2,1,1,1],"2":[1,1,1,1],"3":[1,1],"4":[2,2],"5":[1,1]},"f":{"1":2,"2":2,"3":2},"fnMap":{"1":{"name":"(anonymous_1)","line":12,"loc":{"start":{"line":12,"column":1},"end":{"line":12,"column":13}}},"2":{"name":"(anonymous_2)","line":19,"loc":{"start":{"line":19,"column":5},"end":{"line":19,"column":17}}},"3":{"name":"(anonymous_3)","line":23,"loc":{"start":{"line":23,"column":24},"end":{"line":23,"column":36}}}},"statementMap":{"1":{"start":{"line":12,"column":0},"end":{"line":53,"column":5}},"2":{"start":{"line":14,"column":4},"end":{"line":14,"column":14}},"3":{"start":{"line":19,"column":4},"end":{"line":52,"column":9}},"4":{"start":{"line":21,"column":8},"end":{"line":21,"column":19}},"5":{"start":{"line":23,"column":8},"end":{"line":35,"column":13}},"6":{"start":{"line":24,"column":12},"end":{"line":34,"column":13}},"7":{"start":{"line":25,"column":16},"end":{"line":28,"column":30}},"8":{"start":{"line":30,"column":16},"end":{"line":33,"column":27}},"9":{"start":{"line":37,"column":8},"end":{"line":39,"column":21}},"10":{"start":{"line":41,"column":8},"end":{"line":41,"column":54}},"11":{"start":{"line":43,"column":8},"end":{"line":43,"column":54}},"12":{"start":{"line":45,"column":8},"end":{"line":51,"column":9}},"13":{"start":{"line":46,"column":12},"end":{"line":46,"column":60}},"14":{"start":{"line":48,"column":12},"end":{"line":48,"column":35}},"15":{"start":{"line":49,"column":12},"end":{"line":49,"column":49}},"16":{"start":{"line":50,"column":12},"end":{"line":50,"column":43}}},"branchMap":{"1":{"line":25,"type":"binary-expr","locations":[{"start":{"line":25,"column":23},"end":{"line":25,"column":62}},{"start":{"line":26,"column":20},"end":{"line":26,"column":70}},{"start":{"line":27,"column":20},"end":{"line":27,"column":71}},{"start":{"line":28,"column":20},"end":{"line":28,"column":29}}]},"2":{"line":30,"type":"binary-expr","locations":[{"start":{"line":30,"column":23},"end":{"line":30,"column":37}},{"start":{"line":31,"column":20},"end":{"line":31,"column":61}},{"start":{"line":32,"column":20},"end":{"line":32,"column":70}},{"start":{"line":33,"column":20},"end":{"line":33,"column":26}}]},"3":{"line":37,"type":"cond-expr","locations":[{"start":{"line":38,"column":14},"end":{"line":38,"column":20}},{"start":{"line":39,"column":14},"end":{"line":39,"column":20}}]},"4":{"line":41,"type":"binary-expr","locations":[{"start":{"line":41,"column":16},"end":{"line":41,"column":44}},{"start":{"line":41,"column":48},"end":{"line":41,"column":53}}]},"5":{"line":45,"type":"if","locations":[{"start":{"line":45,"column":8},"end":{"line":45,"column":8}},{"start":{"line":45,"column":8},"end":{"line":45,"column":8}}]}},"code":["/* istanbul instrument in package npmtest_ampersand */","/*jslint","    bitwise: true,","    browser: true,","    maxerr: 8,","    maxlen: 96,","    node: true,","    nomen: true,","    regexp: true,","    stupid: true","*/","(function () {","    'use strict';","    var local;","","","","    // run shared js-env code - pre-init","    (function () {","        // init local","        local = {};","        // init modeJs","        local.modeJs = (function () {","            try {","                return typeof navigator.userAgent === 'string' &&","                    typeof document.querySelector('body') === 'object' &&","                    typeof XMLHttpRequest.prototype.open === 'function' &&","                    'browser';","            } catch (errorCaughtBrowser) {","                return module.exports &&","                    typeof process.versions.node === 'string' &&","                    typeof require('http').createServer === 'function' &&","                    'node';","            }","        }());","        // init global","        local.global = local.modeJs === 'browser'","            ? window","            : global;","        // init utility2_rollup","        local = local.global.utility2_rollup || local;","        // init lib","        local.local = local.npmtest_ampersand = local;","        // init exports","        if (local.modeJs === 'browser') {","            local.global.utility2_npmtest_ampersand = local;","        } else {","            module.exports = local;","            module.exports.__dirname = __dirname;","            module.exports.module = module;","        }","    }());","}());",""],"l":{"12":2,"14":2,"19":2,"21":2,"23":2,"24":2,"25":2,"30":1,"37":2,"41":2,"43":2,"45":2,"46":1,"48":1,"49":1,"50":1}},"/home/travis/build/npmtest/node-npmtest-ampersand/example.js":{"path":"/home/travis/build/npmtest/node-npmtest-ampersand/example.js","s":{"1":2,"2":2,"3":2,"4":2,"5":2,"6":2,"7":2,"8":1,"9":2,"10":2,"11":2,"12":2,"13":1,"14":2,"15":2,"16":2,"17":2,"18":2,"19":0,"20":2,"21":1,"22":1,"23":1,"24":1,"25":1,"26":0,"27":0,"28":1,"29":1,"30":2,"31":0,"32":0,"33":0,"34":1,"35":2,"36":2,"37":3,"38":3,"39":3,"40":3,"41":0,"42":3,"43":3,"44":3,"45":1,"46":3,"47":1,"48":1,"49":1,"50":1,"51":1,"52":1,"53":1,"54":1,"55":1,"56":1,"57":0,"58":1,"59":6,"60":6,"61":1,"62":2,"63":0,"64":2,"65":1,"66":1,"67":0,"68":0,"69":0,"70":0,"71":0,"72":0,"73":0,"74":0,"75":0,"76":0,"77":0,"78":0,"79":0,"80":0,"81":0,"82":0,"83":0},"b":{"1":[2,1,1,1],"2":[1,1,1,1],"3":[1,1],"4":[2,2],"5":[1,1],"6":[1,1],"7":[2,0],"8":[2,1,1,1,1,1],"9":[0,2,0],"10":[1,1],"11":[2,1,1],"12":[1,0],"13":[0,2],"14":[2,0,0,0,0,0,0],"15":[0,3],"16":[3,0],"17":[1,1],"18":[0,1],"19":[1,2,0,2],"20":[1,0],"21":[1,1],"22":[0,0],"23":[0,0],"24":[0,0],"25":[0,0],"26":[0,0],"27":[0,0],"28":[0,0]},"f":{"1":2,"2":2,"3":2,"4":2,"5":2,"6":2,"7":3,"8":3,"9":3,"10":1,"11":6,"12":0},"fnMap":{"1":{"name":"(anonymous_1)","line":26,"loc":{"start":{"line":26,"column":1},"end":{"line":26,"column":13}}},"2":{"name":"(anonymous_2)","line":33,"loc":{"start":{"line":33,"column":5},"end":{"line":33,"column":17}}},"3":{"name":"(anonymous_3)","line":37,"loc":{"start":{"line":37,"column":24},"end":{"line":37,"column":36}}},"4":{"name":"(anonymous_4)","line":69,"loc":{"start":{"line":69,"column":31},"end":{"line":69,"column":48}},"skip":true},"5":{"name":"(anonymous_5)","line":78,"loc":{"start":{"line":78,"column":26},"end":{"line":78,"column":45}},"skip":true},"6":{"name":"(anonymous_6)","line":123,"loc":{"start":{"line":123,"column":33},"end":{"line":123,"column":48}},"skip":true},"7":{"name":"(anonymous_7)","line":125,"loc":{"start":{"line":125,"column":27},"end":{"line":125,"column":39}},"skip":true},"8":{"name":"(anonymous_8)","line":133,"loc":{"start":{"line":133,"column":59},"end":{"line":133,"column":74}},"skip":true},"9":{"name":"(anonymous_9)","line":143,"loc":{"start":{"line":143,"column":45},"end":{"line":143,"column":62}},"skip":true},"10":{"name":"(anonymous_10)","line":144,"loc":{"start":{"line":144,"column":73},"end":{"line":144,"column":92}},"skip":true},"11":{"name":"(anonymous_11)","line":272,"loc":{"start":{"line":272,"column":51},"end":{"line":272,"column":77}},"skip":true},"12":{"name":"(anonymous_12)","line":315,"loc":{"start":{"line":315,"column":32},"end":{"line":315,"column":61}},"skip":true}},"statementMap":{"1":{"start":{"line":26,"column":0},"end":{"line":326,"column":5}},"2":{"start":{"line":28,"column":4},"end":{"line":28,"column":14}},"3":{"start":{"line":33,"column":4},"end":{"line":60,"column":9}},"4":{"start":{"line":35,"column":8},"end":{"line":35,"column":19}},"5":{"start":{"line":37,"column":8},"end":{"line":49,"column":13}},"6":{"start":{"line":38,"column":12},"end":{"line":48,"column":13}},"7":{"start":{"line":39,"column":16},"end":{"line":42,"column":30}},"8":{"start":{"line":44,"column":16},"end":{"line":47,"column":27}},"9":{"start":{"line":51,"column":8},"end":{"line":53,"column":21}},"10":{"start":{"line":55,"column":8},"end":{"line":57,"column":45}},"11":{"start":{"line":59,"column":8},"end":{"line":59,"column":35}},"12":{"start":{"line":61,"column":4},"end":{"line":325,"column":5}},"13":{"start":{"line":69,"column":8},"end":{"line":121,"column":10},"skip":true},"14":{"start":{"line":70,"column":12},"end":{"line":88,"column":13},"skip":true},"15":{"start":{"line":76,"column":16},"end":{"line":87,"column":19},"skip":true},"16":{"start":{"line":79,"column":20},"end":{"line":86,"column":21},"skip":true},"17":{"start":{"line":82,"column":24},"end":{"line":82,"column":43},"skip":true},"18":{"start":{"line":83,"column":24},"end":{"line":83,"column":30},"skip":true},"19":{"start":{"line":85,"column":24},"end":{"line":85,"column":49},"skip":true},"20":{"start":{"line":89,"column":12},"end":{"line":107,"column":13},"skip":true},"21":{"start":{"line":92,"column":16},"end":{"line":102,"column":17},"skip":true},"22":{"start":{"line":93,"column":20},"end":{"line":93,"column":86},"skip":true},"23":{"start":{"line":94,"column":20},"end":{"line":95,"column":45},"skip":true},"24":{"start":{"line":96,"column":20},"end":{"line":96,"column":42},"skip":true},"25":{"start":{"line":97,"column":20},"end":{"line":97,"column":48},"skip":true},"26":{"start":{"line":100,"column":20},"end":{"line":100,"column":85},"skip":true},"27":{"start":{"line":101,"column":20},"end":{"line":101,"column":96},"skip":true},"28":{"start":{"line":103,"column":16},"end":{"line":103,"column":22},"skip":true},"29":{"start":{"line":106,"column":16},"end":{"line":106,"column":22},"skip":true},"30":{"start":{"line":108,"column":12},"end":{"line":120,"column":13},"skip":true},"31":{"start":{"line":114,"column":16},"end":{"line":119,"column":17},"skip":true},"32":{"start":{"line":116,"column":20},"end":{"line":116,"column":78},"skip":true},"33":{"start":{"line":118,"column":20},"end":{"line":118,"column":47},"skip":true},"34":{"start":{"line":123,"column":8},"end":{"line":141,"column":11},"skip":true},"35":{"start":{"line":124,"column":12},"end":{"line":124,"column":54},"skip":true},"36":{"start":{"line":125,"column":12},"end":{"line":140,"column":14},"skip":true},"37":{"start":{"line":126,"column":16},"end":{"line":126,"column":28},"skip":true},"38":{"start":{"line":127,"column":16},"end":{"line":127,"column":69},"skip":true},"39":{"start":{"line":128,"column":16},"end":{"line":128,"column":75},"skip":true},"40":{"start":{"line":129,"column":16},"end":{"line":131,"column":17},"skip":true},"41":{"start":{"line":130,"column":20},"end":{"line":130,"column":27},"skip":true},"42":{"start":{"line":133,"column":16},"end":{"line":137,"column":36},"skip":true},"43":{"start":{"line":134,"column":20},"end":{"line":136,"column":55},"skip":true},"44":{"start":{"line":139,"column":16},"end":{"line":139,"column":57},"skip":true},"45":{"start":{"line":143,"column":8},"end":{"line":147,"column":11},"skip":true},"46":{"start":{"line":144,"column":12},"end":{"line":146,"column":15},"skip":true},"47":{"start":{"line":145,"column":16},"end":{"line":145,"column":70},"skip":true},"48":{"start":{"line":149,"column":8},"end":{"line":149,"column":31},"skip":true},"49":{"start":{"line":150,"column":8},"end":{"line":150,"column":14},"skip":true},"50":{"start":{"line":158,"column":8},"end":{"line":158,"column":31},"skip":true},"51":{"start":{"line":160,"column":8},"end":{"line":160,"column":33},"skip":true},"52":{"start":{"line":161,"column":8},"end":{"line":161,"column":37},"skip":true},"53":{"start":{"line":162,"column":8},"end":{"line":162,"column":35},"skip":true},"54":{"start":{"line":164,"column":8},"end":{"line":164,"column":50},"skip":true},"55":{"start":{"line":166,"column":8},"end":{"line":256,"column":2},"skip":true},"56":{"start":{"line":258,"column":8},"end":{"line":286,"column":9},"skip":true},"57":{"start":{"line":259,"column":12},"end":{"line":269,"column":14},"skip":true},"58":{"start":{"line":271,"column":12},"end":{"line":285,"column":19},"skip":true},"59":{"start":{"line":274,"column":20},"end":{"line":274,"column":35},"skip":true},"60":{"start":{"line":275,"column":20},"end":{"line":284,"column":21},"skip":true},"61":{"start":{"line":277,"column":24},"end":{"line":277,"column":64},"skip":true},"62":{"start":{"line":279,"column":24},"end":{"line":279,"column":40},"skip":true},"63":{"start":{"line":281,"column":24},"end":{"line":281,"column":40},"skip":true},"64":{"start":{"line":283,"column":24},"end":{"line":283,"column":39},"skip":true},"65":{"start":{"line":288,"column":8},"end":{"line":290,"column":9},"skip":true},"66":{"start":{"line":289,"column":12},"end":{"line":289,"column":18},"skip":true},"67":{"start":{"line":291,"column":8},"end":{"line":293,"column":54},"skip":true},"68":{"start":{"line":296,"column":8},"end":{"line":301,"column":37},"skip":true},"69":{"start":{"line":303,"column":8},"end":{"line":303,"column":82},"skip":true},"70":{"start":{"line":306,"column":8},"end":{"line":308,"column":9},"skip":true},"71":{"start":{"line":307,"column":12},"end":{"line":307,"column":82},"skip":true},"72":{"start":{"line":310,"column":8},"end":{"line":312,"column":9},"skip":true},"73":{"start":{"line":311,"column":12},"end":{"line":311,"column":18},"skip":true},"74":{"start":{"line":313,"column":8},"end":{"line":313,"column":54},"skip":true},"75":{"start":{"line":314,"column":8},"end":{"line":314,"column":69},"skip":true},"76":{"start":{"line":315,"column":8},"end":{"line":323,"column":36},"skip":true},"77":{"start":{"line":316,"column":12},"end":{"line":316,"column":61},"skip":true},"78":{"start":{"line":317,"column":12},"end":{"line":320,"column":13},"skip":true},"79":{"start":{"line":318,"column":16},"end":{"line":318,"column":75},"skip":true},"80":{"start":{"line":319,"column":16},"end":{"line":319,"column":23},"skip":true},"81":{"start":{"line":321,"column":12},"end":{"line":321,"column":38},"skip":true},"82":{"start":{"line":322,"column":12},"end":{"line":322,"column":27},"skip":true},"83":{"start":{"line":324,"column":8},"end":{"line":324,"column":14},"skip":true}},"branchMap":{"1":{"line":39,"type":"binary-expr","locations":[{"start":{"line":39,"column":23},"end":{"line":39,"column":62}},{"start":{"line":40,"column":20},"end":{"line":40,"column":70}},{"start":{"line":41,"column":20},"end":{"line":41,"column":71}},{"start":{"line":42,"column":20},"end":{"line":42,"column":29}}]},"2":{"line":44,"type":"binary-expr","locations":[{"start":{"line":44,"column":23},"end":{"line":44,"column":37}},{"start":{"line":45,"column":20},"end":{"line":45,"column":61}},{"start":{"line":46,"column":20},"end":{"line":46,"column":70}},{"start":{"line":47,"column":20},"end":{"line":47,"column":26}}]},"3":{"line":51,"type":"cond-expr","locations":[{"start":{"line":52,"column":14},"end":{"line":52,"column":20}},{"start":{"line":53,"column":14},"end":{"line":53,"column":20}}]},"4":{"line":55,"type":"binary-expr","locations":[{"start":{"line":55,"column":16},"end":{"line":55,"column":44}},{"start":{"line":55,"column":49},"end":{"line":57,"column":43}}]},"5":{"line":55,"type":"cond-expr","locations":[{"start":{"line":56,"column":14},"end":{"line":56,"column":53}},{"start":{"line":57,"column":14},"end":{"line":57,"column":43}}]},"6":{"line":61,"type":"switch","locations":[{"start":{"line":68,"column":4},"end":{"line":150,"column":14},"skip":true},{"start":{"line":156,"column":4},"end":{"line":324,"column":14},"skip":true}]},"7":{"line":70,"type":"if","locations":[{"start":{"line":70,"column":12},"end":{"line":70,"column":12},"skip":true},{"start":{"line":70,"column":12},"end":{"line":70,"column":12},"skip":true}]},"8":{"line":70,"type":"binary-expr","locations":[{"start":{"line":70,"column":16},"end":{"line":70,"column":22},"skip":true},{"start":{"line":70,"column":27},"end":{"line":70,"column":32},"skip":true},{"start":{"line":71,"column":20},"end":{"line":71,"column":39},"skip":true},{"start":{"line":72,"column":20},"end":{"line":72,"column":49},"skip":true},{"start":{"line":73,"column":20},"end":{"line":73,"column":58},"skip":true},{"start":{"line":74,"column":20},"end":{"line":74,"column":69},"skip":true}]},"9":{"line":79,"type":"switch","locations":[{"start":{"line":80,"column":20},"end":{"line":80,"column":33},"skip":true},{"start":{"line":81,"column":20},"end":{"line":83,"column":30},"skip":true},{"start":{"line":84,"column":20},"end":{"line":85,"column":49},"skip":true}]},"10":{"line":89,"type":"switch","locations":[{"start":{"line":90,"column":12},"end":{"line":103,"column":22},"skip":true},{"start":{"line":105,"column":12},"end":{"line":106,"column":22},"skip":true}]},"11":{"line":89,"type":"binary-expr","locations":[{"start":{"line":89,"column":20},"end":{"line":89,"column":25},"skip":true},{"start":{"line":89,"column":29},"end":{"line":89,"column":48},"skip":true},{"start":{"line":89,"column":52},"end":{"line":89,"column":74},"skip":true}]},"12":{"line":92,"type":"if","locations":[{"start":{"line":92,"column":16},"end":{"line":92,"column":16},"skip":true},{"start":{"line":92,"column":16},"end":{"line":92,"column":16},"skip":true}]},"13":{"line":108,"type":"if","locations":[{"start":{"line":108,"column":12},"end":{"line":108,"column":12},"skip":true},{"start":{"line":108,"column":12},"end":{"line":108,"column":12},"skip":true}]},"14":{"line":108,"type":"binary-expr","locations":[{"start":{"line":108,"column":16},"end":{"line":108,"column":61},"skip":true},{"start":{"line":108,"column":66},"end":{"line":108,"column":72},"skip":true},{"start":{"line":108,"column":77},"end":{"line":108,"column":82},"skip":true},{"start":{"line":109,"column":20},"end":{"line":109,"column":39},"skip":true},{"start":{"line":110,"column":20},"end":{"line":110,"column":49},"skip":true},{"start":{"line":111,"column":20},"end":{"line":111,"column":58},"skip":true},{"start":{"line":112,"column":20},"end":{"line":112,"column":68},"skip":true}]},"15":{"line":129,"type":"if","locations":[{"start":{"line":129,"column":16},"end":{"line":129,"column":16},"skip":true},{"start":{"line":129,"column":16},"end":{"line":129,"column":16},"skip":true}]},"16":{"line":134,"type":"cond-expr","locations":[{"start":{"line":135,"column":26},"end":{"line":135,"column":29},"skip":true},{"start":{"line":136,"column":26},"end":{"line":136,"column":54},"skip":true}]},"17":{"line":164,"type":"binary-expr","locations":[{"start":{"line":164,"column":27},"end":{"line":164,"column":43},"skip":true},{"start":{"line":164,"column":47},"end":{"line":164,"column":49},"skip":true}]},"18":{"line":258,"type":"if","locations":[{"start":{"line":258,"column":8},"end":{"line":258,"column":8},"skip":true},{"start":{"line":258,"column":8},"end":{"line":258,"column":8},"skip":true}]},"19":{"line":275,"type":"switch","locations":[{"start":{"line":276,"column":20},"end":{"line":277,"column":64},"skip":true},{"start":{"line":278,"column":20},"end":{"line":279,"column":40},"skip":true},{"start":{"line":280,"column":20},"end":{"line":281,"column":40},"skip":true},{"start":{"line":282,"column":20},"end":{"line":283,"column":39},"skip":true}]},"20":{"line":288,"type":"if","locations":[{"start":{"line":288,"column":8},"end":{"line":288,"column":8},"skip":true},{"start":{"line":288,"column":8},"end":{"line":288,"column":8},"skip":true}]},"21":{"line":288,"type":"binary-expr","locations":[{"start":{"line":288,"column":12},"end":{"line":288,"column":40},"skip":true},{"start":{"line":288,"column":44},"end":{"line":288,"column":67},"skip":true}]},"22":{"line":292,"type":"binary-expr","locations":[{"start":{"line":292,"column":12},"end":{"line":292,"column":50},"skip":true},{"start":{"line":293,"column":12},"end":{"line":293,"column":53},"skip":true}]},"23":{"line":297,"type":"binary-expr","locations":[{"start":{"line":297,"column":12},"end":{"line":297,"column":67},"skip":true},{"start":{"line":298,"column":12},"end":{"line":301,"column":36},"skip":true}]},"24":{"line":303,"type":"binary-expr","locations":[{"start":{"line":303,"column":43},"end":{"line":303,"column":75},"skip":true},{"start":{"line":303,"column":79},"end":{"line":303,"column":81},"skip":true}]},"25":{"line":306,"type":"if","locations":[{"start":{"line":306,"column":8},"end":{"line":306,"column":8},"skip":true},{"start":{"line":306,"column":8},"end":{"line":306,"column":8},"skip":true}]},"26":{"line":310,"type":"if","locations":[{"start":{"line":310,"column":8},"end":{"line":310,"column":8},"skip":true},{"start":{"line":310,"column":8},"end":{"line":310,"column":8},"skip":true}]},"27":{"line":313,"type":"binary-expr","locations":[{"start":{"line":313,"column":27},"end":{"line":313,"column":43},"skip":true},{"start":{"line":313,"column":47},"end":{"line":313,"column":53},"skip":true}]},"28":{"line":317,"type":"if","locations":[{"start":{"line":317,"column":12},"end":{"line":317,"column":12},"skip":true},{"start":{"line":317,"column":12},"end":{"line":317,"column":12},"skip":true}]}},"code":["/*","example.js","","quickstart example","","instruction","    1. save this script as example.js","    2. run the shell command:","        $ npm install npmtest-ampersand && PORT=8081 node example.js","    3. play with the browser-demo on http://127.0.0.1:8081","*/","","","","/* istanbul instrument in package npmtest_ampersand */","/*jslint","    bitwise: true,","    browser: true,","    maxerr: 8,","    maxlen: 96,","    node: true,","    nomen: true,","    regexp: true,","    stupid: true","*/","(function () {","    'use strict';","    var local;","","","","    // run shared js-env code - pre-init","    (function () {","        // init local","        local = {};","        // init modeJs","        local.modeJs = (function () {","            try {","                return typeof navigator.userAgent === 'string' &&","                    typeof document.querySelector('body') === 'object' &&","                    typeof XMLHttpRequest.prototype.open === 'function' &&","                    'browser';","            } catch (errorCaughtBrowser) {","                return module.exports &&","                    typeof process.versions.node === 'string' &&","                    typeof require('http').createServer === 'function' &&","                    'node';","            }","        }());","        // init global","        local.global = local.modeJs === 'browser'","            ? window","            : global;","        // init utility2_rollup","        local = local.global.utility2_rollup || (local.modeJs === 'browser'","            ? local.global.utility2_npmtest_ampersand","            : global.utility2_moduleExports);","        // export local","        local.global.local = local;","    }());","    switch (local.modeJs) {","","","","    // post-init","    // run browser js-env code - post-init","    /* istanbul ignore next */","    case 'browser':","        local.testRunBrowser = function (event) {","            if (!event || (event &&","                    event.currentTarget &&","                    event.currentTarget.className &&","                    event.currentTarget.className.includes &&","                    event.currentTarget.className.includes('onreset'))) {","                // reset output","                Array.from(","                    document.querySelectorAll('body > .resettable')","                ).forEach(function (element) {","                    switch (element.tagName) {","                    case 'INPUT':","                    case 'TEXTAREA':","                        element.value = '';","                        break;","                    default:","                        element.textContent = '';","                    }","                });","            }","            switch (event && event.currentTarget && event.currentTarget.id) {","            case 'testRunButton1':","                // show tests","                if (document.querySelector('#testReportDiv1').style.display === 'none') {","                    document.querySelector('#testReportDiv1').style.display = 'block';","                    document.querySelector('#testRunButton1').textContent =","                        'hide internal test';","                    local.modeTest = true;","                    local.testRunDefault(local);","                // hide tests","                } else {","                    document.querySelector('#testReportDiv1').style.display = 'none';","                    document.querySelector('#testRunButton1').textContent = 'run internal test';","                }","                break;","            // custom-case","            default:","                break;","            }","            if (document.querySelector('#inputTextareaEval1') && (!event || (event &&","                    event.currentTarget &&","                    event.currentTarget.className &&","                    event.currentTarget.className.includes &&","                    event.currentTarget.className.includes('oneval')))) {","                // try to eval input-code","                try {","                    /*jslint evil: true*/","                    eval(document.querySelector('#inputTextareaEval1').value);","                } catch (errorCaught) {","                    console.error(errorCaught);","                }","            }","        };","        // log stderr and stdout to #outputTextareaStdout1","        ['error', 'log'].forEach(function (key) {","            console[key + '_original'] = console[key];","            console[key] = function () {","                var element;","                console[key + '_original'].apply(console, arguments);","                element = document.querySelector('#outputTextareaStdout1');","                if (!element) {","                    return;","                }","                // append text to #outputTextareaStdout1","                element.value += Array.from(arguments).map(function (arg) {","                    return typeof arg === 'string'","                        ? arg","                        : JSON.stringify(arg, null, 4);","                }).join(' ') + '\\n';","                // scroll textarea to bottom","                element.scrollTop = element.scrollHeight;","            };","        });","        // init event-handling","        ['change', 'click', 'keyup'].forEach(function (event) {","            Array.from(document.querySelectorAll('.on' + event)).forEach(function (element) {","                element.addEventListener(event, local.testRunBrowser);","            });","        });","        // run tests","        local.testRunBrowser();","        break;","","","","    // run node js-env code - post-init","    /* istanbul ignore next */","    case 'node':","        // export local","        module.exports = local;","        // require modules","        local.fs = require('fs');","        local.http = require('http');","        local.url = require('url');","        // init assets","        local.assetsDict = local.assetsDict || {};","        /* jslint-ignore-begin */","        local.assetsDict['/assets.index.template.html'] = '\\","<!doctype html>\\n\\","<html lang=\"en\">\\n\\","<head>\\n\\","<meta charset=\"UTF-8\">\\n\\","<meta name=\"viewport\" content=\"width=device-width, initial-scale=1\">\\n\\","<title>{{env.npm_package_name}} (v{{env.npm_package_version}})</title>\\n\\","<style>\\n\\","/*csslint\\n\\","    box-sizing: false,\\n\\","    universal-selector: false\\n\\","*/\\n\\","* {\\n\\","    box-sizing: border-box;\\n\\","}\\n\\","body {\\n\\","    background: #dde;\\n\\","    font-family: Arial, Helvetica, sans-serif;\\n\\","    margin: 2rem;\\n\\","}\\n\\","body > * {\\n\\","    margin-bottom: 1rem;\\n\\","}\\n\\",".utility2FooterDiv {\\n\\","    margin-top: 20px;\\n\\","    text-align: center;\\n\\","}\\n\\","</style>\\n\\","<style>\\n\\","/*csslint\\n\\","*/\\n\\","textarea {\\n\\","    font-family: monospace;\\n\\","    height: 10rem;\\n\\","    width: 100%;\\n\\","}\\n\\","textarea[readonly] {\\n\\","    background: #ddd;\\n\\","}\\n\\","</style>\\n\\","</head>\\n\\","<body>\\n\\","<!-- utility2-comment\\n\\","<div id=\"ajaxProgressDiv1\" style=\"background: #d00; height: 2px; left: 0; margin: 0; padding: 0; position: fixed; top: 0; transition: background 0.5s, width 1.5s; width: 25%;\"></div>\\n\\","utility2-comment -->\\n\\","<h1>\\n\\","<!-- utility2-comment\\n\\","    <a\\n\\","        {{#if env.npm_package_homepage}}\\n\\","        href=\"{{env.npm_package_homepage}}\"\\n\\","        {{/if env.npm_package_homepage}}\\n\\","        target=\"_blank\"\\n\\","    >\\n\\","utility2-comment -->\\n\\","        {{env.npm_package_name}} (v{{env.npm_package_version}})\\n\\","<!-- utility2-comment\\n\\","    </a>\\n\\","utility2-comment -->\\n\\","</h1>\\n\\","<h3>{{env.npm_package_description}}</h3>\\n\\","<!-- utility2-comment\\n\\","<h4><a download href=\"assets.app.js\">download standalone app</a></h4>\\n\\","<button class=\"onclick onreset\" id=\"testRunButton1\">run internal test</button><br>\\n\\","<div id=\"testReportDiv1\" style=\"display: none;\"></div>\\n\\","utility2-comment -->\\n\\","\\n\\","\\n\\","\\n\\","<label>stderr and stdout</label>\\n\\","<textarea class=\"resettable\" id=\"outputTextareaStdout1\" readonly></textarea>\\n\\","<!-- utility2-comment\\n\\","{{#if isRollup}}\\n\\","<script src=\"assets.app.js\"></script>\\n\\","{{#unless isRollup}}\\n\\","utility2-comment -->\\n\\","<script src=\"assets.utility2.rollup.js\"></script>\\n\\","<script src=\"jsonp.utility2._stateInit?callback=window.utility2._stateInit\"></script>\\n\\","<script src=\"assets.npmtest_ampersand.rollup.js\"></script>\\n\\","<script src=\"assets.example.js\"></script>\\n\\","<script src=\"assets.test.js\"></script>\\n\\","<!-- utility2-comment\\n\\","{{/if isRollup}}\\n\\","utility2-comment -->\\n\\","<div class=\"utility2FooterDiv\">\\n\\","    [ this app was created with\\n\\","    <a href=\"https://github.com/kaizhu256/node-utility2\" target=\"_blank\">utility2</a>\\n\\","    ]\\n\\","</div>\\n\\","</body>\\n\\","</html>\\n\\","';","        /* jslint-ignore-end */","        if (local.templateRender) {","            local.assetsDict['/'] = local.templateRender(","                local.assetsDict['/assets.index.template.html'],","                {","                    env: local.objectSetDefault(local.env, {","                        npm_package_description: 'the greatest app in the world!',","                        npm_package_name: 'my-app',","                        npm_package_nameAlias: 'my_app',","                        npm_package_version: '0.0.1'","                    })","                }","            );","        } else {","            local.assetsDict['/'] = local.assetsDict['/assets.index.template.html']","                .replace((/\\{\\{env\\.(\\w+?)\\}\\}/g), function (match0, match1) {","                    // jslint-hack","                    String(match0);","                    switch (match1) {","                    case 'npm_package_description':","                        return 'the greatest app in the world!';","                    case 'npm_package_name':","                        return 'my-app';","                    case 'npm_package_nameAlias':","                        return 'my_app';","                    case 'npm_package_version':","                        return '0.0.1';","                    }","                });","        }","        // run the cli","        if (local.global.utility2_rollup || module !== require.main) {","            break;","        }","        local.assetsDict['/assets.example.js'] =","            local.assetsDict['/assets.example.js'] ||","            local.fs.readFileSync(__filename, 'utf8');","        // bug-workaround - long $npm_package_buildCustomOrg","        /* jslint-ignore-begin */","        local.assetsDict['/assets.npmtest_ampersand.rollup.js'] =","            local.assetsDict['/assets.npmtest_ampersand.rollup.js'] ||","            local.fs.readFileSync(","                local.npmtest_ampersand.__dirname + '/lib.npmtest_ampersand.js',","                'utf8'","            ).replace((/^#!/), '//');","        /* jslint-ignore-end */","        local.assetsDict['/favicon.ico'] = local.assetsDict['/favicon.ico'] || '';","        // if $npm_config_timeout_exit exists,","        // then exit this process after $npm_config_timeout_exit ms","        if (Number(process.env.npm_config_timeout_exit)) {","            setTimeout(process.exit, Number(process.env.npm_config_timeout_exit));","        }","        // start server","        if (local.global.utility2_serverHttp1) {","            break;","        }","        process.env.PORT = process.env.PORT || '8081';","        console.error('server starting on port ' + process.env.PORT);","        local.http.createServer(function (request, response) {","            request.urlParsed = local.url.parse(request.url);","            if (local.assetsDict[request.urlParsed.pathname] !== undefined) {","                response.end(local.assetsDict[request.urlParsed.pathname]);","                return;","            }","            response.statusCode = 404;","            response.end();","        }).listen(process.env.PORT);","        break;","    }","}());",""],"l":{"26":2,"28":2,"33":2,"35":2,"37":2,"38":2,"39":2,"44":1,"51":2,"55":2,"59":2,"61":2,"69":1,"70":2,"76":2,"79":2,"82":2,"83":2,"85":1,"89":2,"92":1,"93":1,"94":1,"96":1,"97":1,"100":1,"101":1,"103":1,"106":1,"108":2,"114":1,"116":1,"118":1,"123":1,"124":2,"125":2,"126":3,"127":3,"128":3,"129":3,"130":1,"133":3,"134":3,"139":3,"143":1,"144":3,"145":1,"149":1,"150":1,"158":1,"160":1,"161":1,"162":1,"164":1,"166":1,"258":1,"259":1,"271":1,"274":6,"275":6,"277":1,"279":2,"281":1,"283":2,"288":1,"289":1,"291":1,"296":1,"303":1,"306":1,"307":1,"310":1,"311":1,"313":1,"314":1,"315":1,"316":1,"317":1,"318":1,"319":1,"321":1,"322":1,"324":1}},"/home/travis/build/npmtest/node-npmtest-ampersand/node_modules/ampersand/bin/ampersand":{"path":"/home/travis/build/npmtest/node-npmtest-ampersand/node_modules/ampersand/bin/ampersand","s":{"1":1,"2":1,"3":1,"4":1,"5":1,"6":1,"7":1,"8":1,"9":1,"10":1,"11":1,"12":4,"13":1,"14":0,"15":0,"16":0,"17":0,"18":0,"19":0,"20":0,"21":1,"22":1,"23":0,"24":0,"25":0},"b":{"1":[1,0],"2":[1,1],"3":[1,1],"4":[0,1],"5":[1,0],"6":[0,0]},"f":{"1":4},"fnMap":{"1":{"name":"(anonymous_1)","line":39,"loc":{"start":{"line":39,"column":44},"end":{"line":39,"column":59}}}},"statementMap":{"1":{"start":{"line":3,"column":0},"end":{"line":3,"column":27}},"2":{"start":{"line":4,"column":0},"end":{"line":4,"column":29}},"3":{"start":{"line":5,"column":0},"end":{"line":5,"column":42}},"4":{"start":{"line":6,"column":0},"end":{"line":6,"column":59}},"5":{"start":{"line":7,"column":0},"end":{"line":7,"column":23}},"6":{"start":{"line":8,"column":0},"end":{"line":8,"column":36}},"7":{"start":{"line":9,"column":0},"end":{"line":9,"column":50}},"8":{"start":{"line":10,"column":0},"end":{"line":33,"column":3}},"9":{"start":{"line":36,"column":0},"end":{"line":36,"column":40}},"10":{"start":{"line":37,"column":0},"end":{"line":37,"column":38}},"11":{"start":{"line":39,"column":0},"end":{"line":41,"column":3}},"12":{"start":{"line":40,"column":4},"end":{"line":40,"column":44}},"13":{"start":{"line":43,"column":0},"end":{"line":51,"column":1}},"14":{"start":{"line":44,"column":4},"end":{"line":44,"column":85}},"15":{"start":{"line":45,"column":4},"end":{"line":45,"column":134}},"16":{"start":{"line":46,"column":4},"end":{"line":46,"column":135}},"17":{"start":{"line":47,"column":4},"end":{"line":47,"column":153}},"18":{"start":{"line":48,"column":4},"end":{"line":48,"column":145}},"19":{"start":{"line":49,"column":4},"end":{"line":49,"column":138}},"20":{"start":{"line":50,"column":4},"end":{"line":50,"column":20}},"21":{"start":{"line":55,"column":0},"end":{"line":60,"column":1}},"22":{"start":{"line":56,"column":4},"end":{"line":56,"column":19}},"23":{"start":{"line":57,"column":7},"end":{"line":60,"column":1}},"24":{"start":{"line":58,"column":4},"end":{"line":58,"column":30}},"25":{"start":{"line":59,"column":4},"end":{"line":59,"column":29}}},"branchMap":{"1":{"line":27,"type":"cond-expr","locations":[{"start":{"line":27,"column":43},"end":{"line":27,"column":56}},{"start":{"line":27,"column":59},"end":{"line":27,"column":82}}]},"2":{"line":36,"type":"binary-expr","locations":[{"start":{"line":36,"column":15},"end":{"line":36,"column":27}},{"start":{"line":36,"column":31},"end":{"line":36,"column":39}}]},"3":{"line":37,"type":"binary-expr","locations":[{"start":{"line":37,"column":14},"end":{"line":37,"column":25}},{"start":{"line":37,"column":29},"end":{"line":37,"column":37}}]},"4":{"line":43,"type":"if","locations":[{"start":{"line":43,"column":0},"end":{"line":43,"column":0}},{"start":{"line":43,"column":0},"end":{"line":43,"column":0}}]},"5":{"line":55,"type":"if","locations":[{"start":{"line":55,"column":0},"end":{"line":55,"column":0}},{"start":{"line":55,"column":0},"end":{"line":55,"column":0}}]},"6":{"line":57,"type":"if","locations":[{"start":{"line":57,"column":7},"end":{"line":57,"column":7}},{"start":{"line":57,"column":7},"end":{"line":57,"column":7}}]}},"code":["//#!/usr/bin/env node","","var path = require('path');","var chalk = require('chalk');","var wizard = require('../lib/app/wizard');","var generateTemplate = require('../lib/generate-template');","var rc = require('rc');","var findRoot = require('find-root');","var templateDir = __dirname + '/../lib/templates';","var config = rc('ampersand', {","    framework: 'hapi',","    indent: 4,","    view: templateDir + '/view.js',","    router: templateDir + '/router.js',","    model: templateDir + '/model.js',","    page: templateDir + '/page.js',","    collection: templateDir + '/collection.js',","    clientfolder: 'client',","    viewfolder: 'views',","    pagefolder: 'pages',","    modelfolder: 'models',","    formsfolder: 'forms',","    collectionfolder: 'models',","    makecollection: true,","    // if it was called without the 'gen' argument we're building a new one","    // so we won't look for an application root","    approot: (process.argv[2] !== 'gen') ? process.cwd() : findRoot(process.cwd()),","    h: false,","    help: false,","    f: false,","    force: false,","    quotes: 'single'","});","","// alias","config.force = config.force || config.f;","config.help = config.help || config.h;","","['view', 'router', 'model', 'page'].forEach(function (key) {","    config[key] = path.resolve(config[key]);","});","","if (config.help) {","    console.log(chalk.bold('ampersand') + ' starts a generator for building an app');","    console.log(chalk.bold('ampersand gen view  ${name}') + ' generates a view in appropriate folder in current folder (per config)');","    console.log(chalk.bold('ampersand gen model ${name}') + ' generates a model in appropriate folder in current folder (per config)');","    console.log(chalk.bold('ampersand gen form ${model}') + ' generates a form based on the model in appropriate folder in current folder (per config)');","    console.log(chalk.bold('ampersand gen router ${optional name}') + ' generates a router in client app folder in current folder (per config)');","    console.log(chalk.bold('ampersand gen page ${name}') + ' generates a page view in appropriate folder in current folder (per config)');","    process.exit(0);","}","","// if no command is specified assume they want to start","// a new app.","if (!config._.length) {","    wizard(config);","} else if (config._[0] === 'gen') {","    config.name = config._[1];","    generateTemplate(config);","}",""],"l":{"3":1,"4":1,"5":1,"6":1,"7":1,"8":1,"9":1,"10":1,"36":1,"37":1,"39":1,"40":4,"43":1,"44":0,"45":0,"46":0,"47":0,"48":0,"49":0,"50":0,"55":1,"56":1,"57":0,"58":0,"59":0}},"/home/travis/build/npmtest/node-npmtest-ampersand/node_modules/ampersand/lib/app/wizard.js":{"path":"/home/travis/build/npmtest/node-npmtest-ampersand/node_modules/ampersand/lib/app/wizard.js","s":{"1":1,"2":1,"3":1,"4":1,"5":1,"6":1,"7":1,"8":0,"9":0,"10":0,"11":1,"12":0,"13":1,"14":1,"15":0,"16":1,"17":0,"18":0,"19":0,"20":0,"21":0},"b":{"1":[0,1],"2":[0,0],"3":[1,0],"4":[0,0]},"f":{"1":1,"2":0,"3":0,"4":0,"5":0},"fnMap":{"1":{"name":"(anonymous_1)","line":7,"loc":{"start":{"line":7,"column":17},"end":{"line":7,"column":35}}},"2":{"name":"required","line":15,"loc":{"start":{"line":15,"column":4},"end":{"line":15,"column":29}}},"3":{"name":"(anonymous_3)","line":37,"loc":{"start":{"line":37,"column":20},"end":{"line":37,"column":37}}},"4":{"name":"(anonymous_4)","line":68,"loc":{"start":{"line":68,"column":31},"end":{"line":68,"column":50}}},"5":{"name":"(anonymous_5)","line":69,"loc":{"start":{"line":69,"column":47},"end":{"line":69,"column":62}}}},"statementMap":{"1":{"start":{"line":1,"column":0},"end":{"line":1,"column":35}},"2":{"start":{"line":2,"column":0},"end":{"line":2,"column":29}},"3":{"start":{"line":3,"column":0},"end":{"line":3,"column":43}},"4":{"start":{"line":4,"column":0},"end":{"line":4,"column":25}},"5":{"start":{"line":7,"column":0},"end":{"line":80,"column":2}},"6":{"start":{"line":8,"column":4},"end":{"line":8,"column":35}},"7":{"start":{"line":9,"column":4},"end":{"line":13,"column":5}},"8":{"start":{"line":10,"column":8},"end":{"line":10,"column":45}},"9":{"start":{"line":11,"column":8},"end":{"line":11,"column":62}},"10":{"start":{"line":12,"column":8},"end":{"line":12,"column":43}},"11":{"start":{"line":15,"column":4},"end":{"line":17,"column":5}},"12":{"start":{"line":16,"column":8},"end":{"line":16,"column":44}},"13":{"start":{"line":19,"column":4},"end":{"line":25,"column":18}},"14":{"start":{"line":27,"column":4},"end":{"line":66,"column":6}},"15":{"start":{"line":38,"column":16},"end":{"line":38,"column":46}},"16":{"start":{"line":68,"column":4},"end":{"line":79,"column":7}},"17":{"start":{"line":69,"column":8},"end":{"line":78,"column":11}},"18":{"start":{"line":70,"column":12},"end":{"line":70,"column":66}},"19":{"start":{"line":70,"column":21},"end":{"line":70,"column":66}},"20":{"start":{"line":71,"column":12},"end":{"line":76,"column":28}},"21":{"start":{"line":77,"column":12},"end":{"line":77,"column":36}}},"branchMap":{"1":{"line":9,"type":"if","locations":[{"start":{"line":9,"column":4},"end":{"line":9,"column":4}},{"start":{"line":9,"column":4},"end":{"line":9,"column":4}}]},"2":{"line":16,"type":"binary-expr","locations":[{"start":{"line":16,"column":15},"end":{"line":16,"column":29}},{"start":{"line":16,"column":33},"end":{"line":16,"column":43}}]},"3":{"line":46,"type":"binary-expr","locations":[{"start":{"line":46,"column":21},"end":{"line":46,"column":37}},{"start":{"line":46,"column":41},"end":{"line":46,"column":47}}]},"4":{"line":70,"type":"if","locations":[{"start":{"line":70,"column":12},"end":{"line":70,"column":12}},{"start":{"line":70,"column":12},"end":{"line":70,"column":12}}]}},"code":["var inquirer = require('inquirer');","var chalk = require('chalk');","var generateApp = require('./generateApp');","var _ = require('lodash')","","","module.exports = function (config) {","    var appName = 'My Amazing App';","    if (config.name) {","        var name = config.name.split(' ')[0];","        name = name.slice(0, 1).toUpperCase() + name.slice(1);","        appName = name + '\\'s Amazing App';","    }","","    function required(value) {","        return !!value.trim() || 'Required';","    }","","    console.log([","        chalk.bold('ampersand.js') + ' - app generator',","        '',","        'This will make a new directory for your app in:',","        chalk.magenta(process.cwd()),","        '',","    ].join('\\n'));","","    var questions = [","        {","            name: 'projectFolder',","            message: 'What do you want to call the folder?',","            validate: required","        },","        {","            name: 'title',","            message: 'What is the human friendly title of your app?',","            default: appName,","            filter: function (value) {","                return value.replace('\"', '');","            },","            validate: required","        },","        {","            type: 'list',","            name: 'framework',","            message: 'Do you want to use hapi or express as a server framework?',","            default: config.framework || 'hapi',","            choices: ['hapi', 'express']","        },","        {","            name: 'author',","            message: [","                'What\\'s your name? Used to populate \"author\" field of \"package.json\", as:',","                '',","                chalk.grey('{'),","                chalk.grey('  \"name\": \"app\",'),","                chalk.grey('  \"version\": \"0.0.1\",'),","                chalk.grey('  \"author\": \"' + chalk.magenta('Your answer') + '\",'),","                chalk.grey('  \"dependencies\": ...'),","                chalk.grey('}'),","                '',","                chalk.white('Author Name:')","            ].join('\\n'),","            default: config.name,","            validate: required","        }","    ];","","    inquirer.prompt(questions, function (answers) {","        generateApp(_.assign(config, answers), function (err) {","            if (err) return console.log(chalk.red('error:'), err);","            console.log([","                chalk.magenta(chalk.bold(answers.title) + ' was created!'),","                'now cd to it, install dependencies, and run it:',","                chalk.grey('    $ cd ' + answers.projectFolder + ' && npm install && npm start'),","                ''","            ].join('\\n\\n'));","            process.stdin.destroy();","        });","    });","};",""],"l":{"1":1,"2":1,"3":1,"4":1,"7":1,"8":1,"9":1,"10":0,"11":0,"12":0,"15":1,"16":0,"19":1,"27":1,"38":0,"68":1,"69":0,"70":0,"71":0,"77":0}},"/home/travis/build/npmtest/node-npmtest-ampersand/node_modules/ampersand/lib/app/generateApp.js":{"path":"/home/travis/build/npmtest/node-npmtest-ampersand/node_modules/ampersand/lib/app/generateApp.js","s":{"1":1,"2":1,"3":1,"4":1,"5":1,"6":1,"7":0,"8":0,"9":0,"10":0,"11":0,"12":0,"13":0,"14":0,"15":0,"16":0,"17":0,"18":0,"19":0,"20":0,"21":0,"22":0,"23":0,"24":0,"25":1,"26":0,"27":1,"28":0,"29":0,"30":0,"31":0},"b":{"1":[0,0],"2":[0,0],"3":[0,0],"4":[0,0],"5":[0,0],"6":[0,0]},"f":{"1":0,"2":0,"3":0,"4":0,"5":0,"6":0},"fnMap":{"1":{"name":"(anonymous_1)","line":18,"loc":{"start":{"line":18,"column":17},"end":{"line":18,"column":40}}},"2":{"name":"(anonymous_2)","line":38,"loc":{"start":{"line":38,"column":19},"end":{"line":38,"column":56}}},"3":{"name":"(anonymous_3)","line":46,"loc":{"start":{"line":46,"column":7},"end":{"line":46,"column":22}}},"4":{"name":"isImageFile","line":58,"loc":{"start":{"line":58,"column":0},"end":{"line":58,"column":27}}},"5":{"name":"copyFilesInDir","line":62,"loc":{"start":{"line":62,"column":0},"end":{"line":62,"column":38}}},"6":{"name":"(anonymous_6)","line":63,"loc":{"start":{"line":63,"column":32},"end":{"line":63,"column":52}}}},"statementMap":{"1":{"start":{"line":1,"column":0},"end":{"line":1,"column":29}},"2":{"start":{"line":2,"column":0},"end":{"line":2,"column":33}},"3":{"start":{"line":4,"column":0},"end":{"line":4,"column":51}},"4":{"start":{"line":5,"column":0},"end":{"line":5,"column":49}},"5":{"start":{"line":6,"column":0},"end":{"line":6,"column":47}},"6":{"start":{"line":18,"column":0},"end":{"line":56,"column":2}},"7":{"start":{"line":19,"column":4},"end":{"line":21,"column":5}},"8":{"start":{"line":20,"column":8},"end":{"line":20,"column":61}},"9":{"start":{"line":24,"column":4},"end":{"line":30,"column":6}},"10":{"start":{"line":32,"column":4},"end":{"line":34,"column":5}},"11":{"start":{"line":33,"column":8},"end":{"line":33,"column":37}},"12":{"start":{"line":36,"column":4},"end":{"line":36,"column":53}},"13":{"start":{"line":37,"column":4},"end":{"line":55,"column":7}},"14":{"start":{"line":39,"column":12},"end":{"line":44,"column":13}},"15":{"start":{"line":40,"column":16},"end":{"line":40,"column":41}},"16":{"start":{"line":42,"column":16},"end":{"line":42,"column":60}},"17":{"start":{"line":43,"column":16},"end":{"line":43,"column":57}},"18":{"start":{"line":47,"column":8},"end":{"line":47,"column":32}},"19":{"start":{"line":47,"column":17},"end":{"line":47,"column":32}},"20":{"start":{"line":48,"column":8},"end":{"line":48,"column":63}},"21":{"start":{"line":50,"column":8},"end":{"line":52,"column":9}},"22":{"start":{"line":51,"column":12},"end":{"line":51,"column":58}},"23":{"start":{"line":53,"column":8},"end":{"line":53,"column":103}},"24":{"start":{"line":54,"column":8},"end":{"line":54,"column":13}},"25":{"start":{"line":58,"column":0},"end":{"line":60,"column":1}},"26":{"start":{"line":59,"column":4},"end":{"line":59,"column":43}},"27":{"start":{"line":62,"column":0},"end":{"line":70,"column":1}},"28":{"start":{"line":63,"column":4},"end":{"line":69,"column":7}},"29":{"start":{"line":64,"column":8},"end":{"line":64,"column":67}},"30":{"start":{"line":66,"column":8},"end":{"line":66,"column":48}},"31":{"start":{"line":68,"column":8},"end":{"line":68,"column":74}}},"branchMap":{"1":{"line":19,"type":"if","locations":[{"start":{"line":19,"column":4},"end":{"line":19,"column":4}},{"start":{"line":19,"column":4},"end":{"line":19,"column":4}}]},"2":{"line":19,"type":"binary-expr","locations":[{"start":{"line":19,"column":8},"end":{"line":19,"column":22}},{"start":{"line":19,"column":26},"end":{"line":19,"column":48}}]},"3":{"line":29,"type":"binary-expr","locations":[{"start":{"line":29,"column":16},"end":{"line":29,"column":30}},{"start":{"line":29,"column":34},"end":{"line":29,"column":35}}]},"4":{"line":39,"type":"if","locations":[{"start":{"line":39,"column":12},"end":{"line":39,"column":12}},{"start":{"line":39,"column":12},"end":{"line":39,"column":12}}]},"5":{"line":47,"type":"if","locations":[{"start":{"line":47,"column":8},"end":{"line":47,"column":8}},{"start":{"line":47,"column":8},"end":{"line":47,"column":8}}]},"6":{"line":50,"type":"if","locations":[{"start":{"line":50,"column":8},"end":{"line":50,"column":8}},{"start":{"line":50,"column":8},"end":{"line":50,"column":8}}]}},"code":["var fs = require('fs-extra');","var slugger = require('slugger');","","var TransformStream = require('./transformStream');","var getPackageFile = require('./getPackageFile');","var processString = require('./processString');","","","/*","{","    framework: 'hapi' || 'express',","    title: 'string',","    machineName: 'string',","    author: 'string',","    folder: 'path string'","}","*/","module.exports = function (options, cb) {","    if (!options.title || !options.projectFolder) {","        throw new Error('title, projectFolder are required');","    }","","    // our base config","    var config = {","        framework: 'hapi',","        machineName: slugger(options.title),","        author: '',","        title: '',","        indent: options.indent || 4","    };","","    for (var item in options) {","        config[item] = options[item];","    }","","    var templateDir = __dirname + '/../../template/';","    fs.copy(templateDir + 'shared', config.projectFolder, {","        transform: function (readable, writeable, file) {","            if (isImageFile(file.name)) {","                readable.pipe(writeable);","            } else {","                var transform = new TransformStream(config);","                readable.pipe(transform).pipe(writeable);","            }","        }","    }, function (err) {","        if (err) return cb(err);","        copyFilesInDir(templateDir + config.framework, config);","        // since we don't have spacemonkey working right for hapi","        if (config.framework === 'hapi') {","            fs.removeSync(config.projectFolder + '/test');","        }","        fs.outputJsonSync(config.projectFolder + '/package.json', getPackageFile(config), {spaces: 2});","        cb();","    });","};","","function isImageFile(path) {","    return /\\.(jpe?g|gif|png)$/.test(path);","}","","function copyFilesInDir(dir, options) {","    fs.readdirSync(dir).forEach(function (filename) {","        var string = fs.readFileSync(dir + '/' + filename, 'utf8');","        // replace our template tags with values","        string = processString(string, options);","        // write it out","        fs.outputFileSync(options.projectFolder + '/' + filename, string);","    });","}",""],"l":{"1":1,"2":1,"4":1,"5":1,"6":1,"18":1,"19":0,"20":0,"24":0,"32":0,"33":0,"36":0,"37":0,"39":0,"40":0,"42":0,"43":0,"47":0,"48":0,"50":0,"51":0,"53":0,"54":0,"58":1,"59":0,"62":1,"63":0,"64":0,"66":0,"68":0}},"/home/travis/build/npmtest/node-npmtest-ampersand/node_modules/ampersand/lib/app/transformStream.js":{"path":"/home/travis/build/npmtest/node-npmtest-ampersand/node_modules/ampersand/lib/app/transformStream.js","s":{"1":1,"2":1,"3":0,"4":0,"5":1,"6":1,"7":0,"8":0,"9":0,"10":1},"b":{"1":[1,0]},"f":{"1":0,"2":0},"fnMap":{"1":{"name":"EncodeStream","line":7,"loc":{"start":{"line":7,"column":0},"end":{"line":7,"column":30}}},"2":{"name":"(anonymous_2)","line":14,"loc":{"start":{"line":14,"column":36},"end":{"line":14,"column":73}}}},"statementMap":{"1":{"start":{"line":1,"column":0},"end":{"line":5,"column":54}},"2":{"start":{"line":7,"column":0},"end":{"line":10,"column":1}},"3":{"start":{"line":8,"column":4},"end":{"line":8,"column":25}},"4":{"start":{"line":9,"column":4},"end":{"line":9,"column":25}},"5":{"start":{"line":12,"column":0},"end":{"line":12,"column":102}},"6":{"start":{"line":14,"column":0},"end":{"line":18,"column":2}},"7":{"start":{"line":15,"column":4},"end":{"line":15,"column":29}},"8":{"start":{"line":16,"column":4},"end":{"line":16,"column":49}},"9":{"start":{"line":17,"column":4},"end":{"line":17,"column":15}},"10":{"start":{"line":20,"column":0},"end":{"line":20,"column":30}}},"branchMap":{"1":{"line":5,"type":"binary-expr","locations":[{"start":{"line":5,"column":16},"end":{"line":5,"column":32}},{"start":{"line":5,"column":36},"end":{"line":5,"column":53}}]}},"code":["var fs = require('fs'),","    stream = require('stream'),","    stream2 = require('readable-stream'),","    processString = require('./processString'),","    Transform = stream.Transform || stream2.Transform;","","function EncodeStream(config) {","    this.config = config;","    Transform.call(this);","}","","EncodeStream.prototype = Object.create(Transform.prototype, { constructor: { value: EncodeStream } });","","EncodeStream.prototype._transform = function (chunk, encoding, callback) {","    chunk = chunk.toString();","    this.push(processString(chunk, this.config));","    callback();","};","","module.exports = EncodeStream;",""],"l":{"1":1,"7":1,"8":0,"9":0,"12":1,"14":1,"15":0,"16":0,"17":0,"20":1}},"/home/travis/build/npmtest/node-npmtest-ampersand/node_modules/ampersand/lib/app/processString.js":{"path":"/home/travis/build/npmtest/node-npmtest-ampersand/node_modules/ampersand/lib/app/processString.js","s":{"1":1,"2":1,"3":0,"4":0,"5":0,"6":0},"b":{"1":[0,0]},"f":{"1":0,"2":0},"fnMap":{"1":{"name":"(anonymous_1)","line":4,"loc":{"start":{"line":4,"column":17},"end":{"line":4,"column":43}}},"2":{"name":"(anonymous_2)","line":5,"loc":{"start":{"line":5,"column":50},"end":{"line":5,"column":71}}}},"statementMap":{"1":{"start":{"line":1,"column":0},"end":{"line":1,"column":26}},"2":{"start":{"line":4,"column":0},"end":{"line":11,"column":2}},"3":{"start":{"line":5,"column":4},"end":{"line":8,"column":7}},"4":{"start":{"line":6,"column":8},"end":{"line":6,"column":31}},"5":{"start":{"line":7,"column":8},"end":{"line":7,"column":30}},"6":{"start":{"line":10,"column":4},"end":{"line":10,"column":65}}},"branchMap":{"1":{"line":7,"type":"binary-expr","locations":[{"start":{"line":7,"column":15},"end":{"line":7,"column":20}},{"start":{"line":7,"column":24},"end":{"line":7,"column":29}}]}},"code":["var _ = require('lodash');","","","module.exports = function (string, config) {","    string = string.replace(/\\{\\{\\{(\\w+)\\}\\}\\}/g, function (match, p1) {","        var value = config[p1];","        return value || match;","    });","","    return string.replace(/    /g, _.repeat(' ', config.indent));","};",""],"l":{"1":1,"4":1,"5":0,"6":0,"7":0,"10":0}},"/home/travis/build/npmtest/node-npmtest-ampersand/node_modules/ampersand/lib/app/getPackageFile.js":{"path":"/home/travis/build/npmtest/node-npmtest-ampersand/node_modules/ampersand/lib/app/getPackageFile.js","s":{"1":1,"2":1,"3":0,"4":0,"5":0,"6":0,"7":0,"8":0,"9":0,"10":0,"11":0,"12":0,"13":0,"14":0,"15":0,"16":1,"17":1,"18":0,"19":0,"20":0,"21":0},"b":{"1":[0,0]},"f":{"1":0,"2":0,"3":0},"fnMap":{"1":{"name":"(anonymous_1)","line":5,"loc":{"start":{"line":5,"column":17},"end":{"line":5,"column":35}}},"2":{"name":"sortObjectKeysAlphabetically","line":53,"loc":{"start":{"line":53,"column":0},"end":{"line":53,"column":46}}},"3":{"name":"(anonymous_3)","line":55,"loc":{"start":{"line":55,"column":39},"end":{"line":55,"column":54}}}},"statementMap":{"1":{"start":{"line":1,"column":0},"end":{"line":1,"column":23}},"2":{"start":{"line":5,"column":0},"end":{"line":30,"column":2}},"3":{"start":{"line":7,"column":4},"end":{"line":7,"column":47}},"4":{"start":{"line":8,"column":4},"end":{"line":8,"column":100}},"5":{"start":{"line":9,"column":4},"end":{"line":9,"column":12}},"6":{"start":{"line":12,"column":4},"end":{"line":14,"column":5}},"7":{"start":{"line":13,"column":8},"end":{"line":13,"column":52}},"8":{"start":{"line":17,"column":4},"end":{"line":17,"column":35}},"9":{"start":{"line":18,"column":4},"end":{"line":22,"column":5}},"10":{"start":{"line":19,"column":8},"end":{"line":19,"column":36}},"11":{"start":{"line":21,"column":8},"end":{"line":21,"column":27}},"12":{"start":{"line":25,"column":4},"end":{"line":25,"column":72}},"13":{"start":{"line":26,"column":4},"end":{"line":26,"column":78}},"14":{"start":{"line":27,"column":4},"end":{"line":27,"column":72}},"15":{"start":{"line":29,"column":4},"end":{"line":29,"column":16}},"16":{"start":{"line":33,"column":0},"end":{"line":49,"column":2}},"17":{"start":{"line":53,"column":0},"end":{"line":59,"column":1}},"18":{"start":{"line":54,"column":4},"end":{"line":54,"column":20}},"19":{"start":{"line":55,"column":4},"end":{"line":57,"column":7}},"20":{"start":{"line":56,"column":8},"end":{"line":56,"column":34}},"21":{"start":{"line":58,"column":4},"end":{"line":58,"column":18}}},"branchMap":{"1":{"line":18,"type":"if","locations":[{"start":{"line":18,"column":4},"end":{"line":18,"column":4}},{"start":{"line":18,"column":4},"end":{"line":18,"column":4}}]}},"code":["var fs = require('fs');","","","// returns populated JS structure for package.json file based on options","module.exports = function (config) {","    // do this each time to avoid any issues with caching","    var frameworkDeps = deps[config.framework];","    var pack = JSON.parse(fs.readFileSync(__dirname + '/templatePackage.json', {encoding: 'utf8'}));","    var key;","","    // extend our dependencies","    for (key in frameworkDeps) {","        pack.dependencies[key] = frameworkDeps[key];","    }","","    // set name and author (if provided)","    pack.name = config.machineName;","    if (config.author) {","        pack.author = config.author;","    } else {","        delete pack.author;","    }","","    // sort object keys alphabetically","    pack.dependencies = sortObjectKeysAlphabetically(pack.dependencies);","    pack.devDependencies = sortObjectKeysAlphabetically(pack.devDependencies);","    pack.jshintConfig = sortObjectKeysAlphabetically(pack.jshintConfig);","","    return pack;","};","","// our list of dependencies for each","var deps = {","    express: {","        'body-parser': '^1.4.3',","        'compression': '^1.0.8',","        'cookie-parser': '^1.3.2',","        'express': '^4.6.1',","        'helmet': '^0.7.1',","        'jade': '^1.3.1',","        'moonboots-express': '^3.0.0',","        'semi-static': '^0.0.5',","        'serve-static': '^1.3.2'","    },","    hapi: {","        'hapi': '^8.0.0',","        'moonboots_hapi': '^4.0.0'","    }","};","","","// because I'm anal","function sortObjectKeysAlphabetically(object) {","    var sorted = {};","    Object.keys(object).sort().forEach(function (key) {","        sorted[key] = object[key];","    });","    return sorted;","}",""],"l":{"1":1,"5":1,"7":0,"8":0,"9":0,"12":0,"13":0,"17":0,"18":0,"19":0,"21":0,"25":0,"26":0,"27":0,"29":0,"33":1,"53":1,"54":0,"55":0,"56":0,"58":0}},"/home/travis/build/npmtest/node-npmtest-ampersand/node_modules/ampersand/lib/generate-template.js":{"path":"/home/travis/build/npmtest/node-npmtest-ampersand/node_modules/ampersand/lib/generate-template.js","s":{"1":1,"2":1,"3":1,"4":1,"5":1,"6":1,"7":1,"8":1,"9":1,"10":1,"11":0,"12":0,"13":0,"14":0,"15":0,"16":0,"17":0,"18":0,"19":0,"20":0,"21":0,"22":0,"23":0,"24":0,"25":0,"26":0,"27":0,"28":0,"29":0,"30":0,"31":0,"32":0,"33":0,"34":0,"35":0,"36":0,"37":0,"38":0,"39":0,"40":0,"41":0,"42":0,"43":0,"44":0,"45":0,"46":0,"47":0,"48":0,"49":0,"50":0,"51":0,"52":0,"53":0,"54":0,"55":0,"56":0,"57":0,"58":0,"59":0,"60":0,"61":0,"62":0,"63":0,"64":0,"65":0,"66":0,"67":0,"68":0,"69":0,"70":0,"71":0,"72":0,"73":0,"74":0,"75":0,"76":0,"77":0,"78":0},"b":{"1":[0,0],"2":[0,0],"3":[0,0],"4":[0,0],"5":[0,0],"6":[0,0],"7":[0,0],"8":[0,0],"9":[0,0],"10":[0,0],"11":[0,0],"12":[0,0],"13":[0,0],"14":[0,0],"15":[0,0],"16":[0,0],"17":[0,0],"18":[0,0],"19":[0,0],"20":[0,0]},"f":{"1":0,"2":0,"3":0,"4":0},"fnMap":{"1":{"name":"(anonymous_1)","line":12,"loc":{"start":{"line":12,"column":17},"end":{"line":12,"column":35}}},"2":{"name":"(anonymous_2)","line":56,"loc":{"start":{"line":56,"column":14},"end":{"line":56,"column":31}}},"3":{"name":"(anonymous_3)","line":63,"loc":{"start":{"line":63,"column":39},"end":{"line":63,"column":62}}},"4":{"name":"(anonymous_4)","line":76,"loc":{"start":{"line":76,"column":49},"end":{"line":76,"column":70}}}},"statementMap":{"1":{"start":{"line":1,"column":0},"end":{"line":1,"column":27}},"2":{"start":{"line":2,"column":0},"end":{"line":2,"column":29}},"3":{"start":{"line":3,"column":0},"end":{"line":3,"column":29}},"4":{"start":{"line":4,"column":0},"end":{"line":4,"column":29}},"5":{"start":{"line":5,"column":0},"end":{"line":5,"column":39}},"6":{"start":{"line":6,"column":0},"end":{"line":6,"column":41}},"7":{"start":{"line":7,"column":0},"end":{"line":7,"column":60}},"8":{"start":{"line":8,"column":0},"end":{"line":8,"column":39}},"9":{"start":{"line":9,"column":0},"end":{"line":9,"column":38}},"10":{"start":{"line":12,"column":0},"end":{"line":91,"column":2}},"11":{"start":{"line":13,"column":4},"end":{"line":13,"column":27}},"12":{"start":{"line":14,"column":4},"end":{"line":14,"column":27}},"13":{"start":{"line":15,"column":4},"end":{"line":15,"column":17}},"14":{"start":{"line":16,"column":4},"end":{"line":16,"column":19}},"15":{"start":{"line":17,"column":4},"end":{"line":17,"column":23}},"16":{"start":{"line":18,"column":4},"end":{"line":18,"column":30}},"17":{"start":{"line":19,"column":4},"end":{"line":19,"column":13}},"18":{"start":{"line":20,"column":4},"end":{"line":20,"column":17}},"19":{"start":{"line":23,"column":4},"end":{"line":27,"column":5}},"20":{"start":{"line":24,"column":8},"end":{"line":24,"column":32}},"21":{"start":{"line":26,"column":8},"end":{"line":26,"column":24}},"22":{"start":{"line":29,"column":4},"end":{"line":50,"column":5}},"23":{"start":{"line":30,"column":8},"end":{"line":30,"column":68}},"24":{"start":{"line":31,"column":8},"end":{"line":31,"column":68}},"25":{"start":{"line":32,"column":11},"end":{"line":50,"column":5}},"26":{"start":{"line":33,"column":8},"end":{"line":33,"column":109}},"27":{"start":{"line":33,"column":19},"end":{"line":33,"column":109}},"28":{"start":{"line":34,"column":8},"end":{"line":34,"column":88}},"29":{"start":{"line":35,"column":8},"end":{"line":35,"column"
[...]
ne":63,"column":2}},"14":{"start":{"line":60,"column":4},"end":{"line":60,"column":35}},"15":{"start":{"line":61,"column":4},"end":{"line":61,"column":34}},"16":{"start":{"line":62,"column":4},"end":{"line":62,"column":20}},"17":{"start":{"line":65,"column":0},"end":{"line":70,"column":2}},"18":{"start":{"line":66,"column":4},"end":{"line":66,"column":35}},"19":{"start":{"line":67,"column":4},"end":{"line":67,"column":49}},"20":{"start":{"line":67,"column":15},"end":{"line":67,"column":49}},"21":{"start":{"line":68,"column":4},"end":{"line":68,"column":34}},"22":{"start":{"line":69,"column":4},"end":{"line":69,"column":20}},"23":{"start":{"line":72,"column":0},"end":{"line":77,"column":2}},"24":{"start":{"line":73,"column":4},"end":{"line":73,"column":35}},"25":{"start":{"line":74,"column":4},"end":{"line":74,"column":41}},"26":{"start":{"line":74,"column":15},"end":{"line":74,"column":41}},"27":{"start":{"line":75,"column":4},"end":{"line":75,"column":34}},"28":{"start":{"line":76,"column":4},"end":{"line":76,"column":20}}},"branchMap":{"1":{"line":61,"type":"cond-expr","locations":[{"start":{"line":61,"column":23},"end":{"line":61,"column":26}},{"start":{"line":61,"column":29},"end":{"line":61,"column":32}}]},"2":{"line":67,"type":"if","locations":[{"start":{"line":67,"column":4},"end":{"line":67,"column":4}},{"start":{"line":67,"column":4},"end":{"line":67,"column":4}}]},"3":{"line":68,"type":"cond-expr","locations":[{"start":{"line":68,"column":23},"end":{"line":68,"column":26}},{"start":{"line":68,"column":29},"end":{"line":68,"column":32}}]},"4":{"line":74,"type":"if","locations":[{"start":{"line":74,"column":4},"end":{"line":74,"column":4}},{"start":{"line":74,"column":4},"end":{"line":74,"column":4}}]},"5":{"line":75,"type":"cond-expr","locations":[{"start":{"line":75,"column":23},"end":{"line":75,"column":26}},{"start":{"line":75,"column":29},"end":{"line":75,"column":32}}]}},"code":["var _ = require('lodash');","","","var people = [","    {","        id: 1,","        firstName: 'Henrik',","        lastName: 'Joreteg',","        coolnessFactor: 11","    },","    {","        id: 2,","        firstName: 'Bob',","        lastName: 'Saget',","        coolnessFactor: 2","    },","    {","        id: 3,","        firstName: 'Larry',","        lastName: 'King',","        coolnessFactor: 4","    },","    {","        id: 4,","        firstName: 'Diana',","        lastName: 'Ross',","        coolnessFactor: 6","    },","    {","        id: 5,","        firstName: 'Crazy',","        lastName: 'Dave',","        coolnessFactor: 8","    },","    {","        id: 6,","        firstName: 'Larry',","        lastName: 'Johannson',","        coolnessFactor: 4","    }","];","var id = 7;","","function get(id) {","    return _.findWhere(people, {id: parseInt(id + '', 10)});","}","","exports.list = function (req, res) {","    res.send(people);","};","","exports.add = function (req, res) {","    var person = req.body;","    person.id = id++;","    people.push(person);","    res.status(201).send(person);","};","","exports.get = function (req, res) {","    var found = get(req.params.id);","    res.status(found ? 200 : 404);","    res.send(found);","};","","exports.delete = function (req, res) {","    var found = get(req.params.id);","    if (found) people = _.without(people, found);","    res.status(found ? 200 : 404);","    res.send(found);","};","","exports.update = function (req, res) {","    var found = get(req.params.id);","    if (found) _.extend(found, req.body);","    res.status(found ? 200 : 404);","    res.send(found);","};",""],"l":{"1":1,"4":1,"42":1,"44":1,"45":0,"48":1,"49":0,"52":1,"53":0,"54":0,"55":0,"56":0,"59":1,"60":0,"61":0,"62":0,"65":1,"66":0,"67":0,"68":0,"69":0,"72":1,"73":0,"74":0,"75":0,"76":0}},"/home/travis/build/npmtest/node-npmtest-ampersand/node_modules/ampersand/template/express/server.js":{"path":"/home/travis/build/npmtest/node-npmtest-ampersand/node_modules/ampersand/template/express/server.js","s":{"1":2,"2":2,"3":0,"4":0,"5":0,"6":0,"7":0,"8":0,"9":0,"10":0,"11":0,"12":0,"13":0,"14":0,"15":0,"16":0,"17":0,"18":0,"19":0,"20":0,"21":0,"22":0,"23":0,"24":0,"25":0,"26":0,"27":0,"28":0,"29":0,"30":0,"31":0,"32":0,"33":0,"34":0,"35":0,"36":0,"37":0,"38":0,"39":0,"40":0,"41":0,"42":0,"43":0,"44":0,"45":0,"46":0,"47":0},"b":{"1":[0,0],"2":[0,0],"3":[0,0],"4":[0,0],"5":[0,0]},"f":{"1":0,"2":0,"3":0,"4":0},"fnMap":{"1":{"name":"(anonymous_1)","line":17,"loc":{"start":{"line":17,"column":14},"end":{"line":17,"column":36}}},"2":{"name":"(anonymous_2)","line":73,"loc":{"start":{"line":73,"column":8},"end":{"line":73,"column":34}}},"3":{"name":"(anonymous_3)","line":97,"loc":{"start":{"line":97,"column":23},"end":{"line":97,"column":35}}},"4":{"name":"(anonymous_4)","line":105,"loc":{"start":{"line":105,"column":24},"end":{"line":105,"column":40}}}},"statementMap":{"1":{"start":{"line":2,"column":0},"end":{"line":2,"column":27}},"2":{"start":{"line":3,"column":0},"end":{"line":3,"column":33}},"3":{"start":{"line":4,"column":0},"end":{"line":4,"column":31}},"4":{"start":{"line":5,"column":0},"end":{"line":5,"column":40}},"5":{"start":{"line":6,"column":0},"end":{"line":6,"column":44}},"6":{"start":{"line":7,"column":0},"end":{"line":7,"column":45}},"7":{"start":{"line":8,"column":0},"end":{"line":8,"column":38}},"8":{"start":{"line":9,"column":0},"end":{"line":9,"column":34}},"9":{"start":{"line":10,"column":0},"end":{"line":10,"column":40}},"10":{"start":{"line":11,"column":0},"end":{"line":11,"column":42}},"11":{"start":{"line":12,"column":0},"end":{"line":12,"column":35}},"12":{"start":{"line":13,"column":0},"end":{"line":13,"column":41}},"13":{"start":{"line":14,"column":0},"end":{"line":14,"column":20}},"14":{"start":{"line":17,"column":0},"end":{"line":19,"column":2}},"15":{"start":{"line":18,"column":4},"end":{"line":18,"column":52}},"16":{"start":{"line":25,"column":0},"end":{"line":25,"column":20}},"17":{"start":{"line":26,"column":0},"end":{"line":26,"column":40}},"18":{"start":{"line":29,"column":0},"end":{"line":32,"column":1}},"19":{"start":{"line":30,"column":4},"end":{"line":30,"column":49}},"20":{"start":{"line":31,"column":4},"end":{"line":31,"column":54}},"21":{"start":{"line":34,"column":0},"end":{"line":34,"column":24}},"22":{"start":{"line":35,"column":0},"end":{"line":35,"column":52}},"23":{"start":{"line":36,"column":0},"end":{"line":36,"column":27}},"24":{"start":{"line":39,"column":0},"end":{"line":41,"column":1}},"25":{"start":{"line":40,"column":4},"end":{"line":40,"column":29}},"26":{"start":{"line":42,"column":0},"end":{"line":42,"column":28}},"27":{"start":{"line":43,"column":0},"end":{"line":43,"column":26}},"28":{"start":{"line":45,"column":0},"end":{"line":45,"column":31}},"29":{"start":{"line":51,"column":0},"end":{"line":51,"column":31}},"30":{"start":{"line":52,"column":0},"end":{"line":52,"column":33}},"31":{"start":{"line":53,"column":0},"end":{"line":53,"column":36}},"32":{"start":{"line":54,"column":0},"end":{"line":54,"column":42}},"33":{"start":{"line":55,"column":0},"end":{"line":55,"column":39}},"34":{"start":{"line":56,"column":0},"end":{"line":56,"column":33}},"35":{"start":{"line":62,"column":0},"end":{"line":67,"column":1}},"36":{"start":{"line":63,"column":4},"end":{"line":66,"column":8}},"37":{"start":{"line":73,"column":0},"end":{"line":76,"column":3}},"38":{"start":{"line":74,"column":4},"end":{"line":74,"column":56}},"39":{"start":{"line":75,"column":4},"end":{"line":75,"column":11}},"40":{"start":{"line":82,"column":0},"end":{"line":121,"column":3}},"41":{"start":{"line":101,"column":12},"end":{"line":103,"column":13}},"42":{"start":{"line":102,"column":16},"end":{"line":102,"column":82}},"43":{"start":{"line":109,"column":12},"end":{"line":117,"column":13}},"44":{"start":{"line":110,"column":16},"end":{"line":114,"column":25}},"45":{"start":{"line":116,"column":16},"end":{"line":116,"column":23}},"46":{"start":{"line":125,"column":0},"end":{"line":125,"column":29}},"47":{"start":{"line":126,"column":0},"end":{"line":126,"column":113}}},"branchMap":{"1":{"line":29,"type":"if","locations":[{"start":{"line":29,"column":0},"end":{"line":29,"column":0}},{"start":{"line":29,"column":0},"end":{"line":29,"column":0}}]},"2":{"line":39,"type":"if","locations":[{"start":{"line":39,"column":0},"end":{"line":39,"column":0}},{"start":{"line":39,"column":0},"end":{"line":39,"column":0}}]},"3":{"line":62,"type":"if","locations":[{"start":{"line":62,"column":0},"end":{"line":62,"column":0}},{"start":{"line":62,"column":0},"end":{"line":62,"column":0}}]},"4":{"line":101,"type":"if","locations":[{"start":{"line":101,"column":12},"end":{"line":101,"column":12}},{"start":{"line":101,"column":12},"end":{"line":101,"column":12}}]},"5":{"line":109,"type":"if","locations":[{"start":{"line":109,"column":12},"end":{"line":109,"column":12}},{"start":{"line":109,"column":12},"end":{"line":109,"column":12}}]}},"code":["/* global console */","var path = require('path');","var express = require('express');","var helmet = require('helmet');","var bodyParser = require('body-parser');","var cookieParser = require('cookie-parser');","var Moonboots = require('moonboots-express');","var compress = require('compression');","var config = require('getconfig');","var semiStatic = require('semi-static');","var serveStatic = require('serve-static');","var stylizer = require('stylizer');","var templatizer = require('templatizer');","var app = express();","","// a little helper for fixing paths for various environments","var fixPath = function (pathString) {","    return path.resolve(path.normalize(pathString));","};","","","// -----------------","// Configure express","// -----------------","app.use(compress());","app.use(serveStatic(fixPath('public')));","","// we only want to expose tests in dev","if (config.isDev) {","    app.use(serveStatic(fixPath('test/assets')));","    app.use(serveStatic(fixPath('test/spacemonkey')));","}","","app.use(cookieParser());","app.use(bodyParser.urlencoded({ extended: false }));","app.use(bodyParser.json());","","// in order to test this with spacemonkey we need frames","if (!config.isDev) {","    app.use(helmet.xframe());","}","app.use(helmet.xssFilter());","app.use(helmet.nosniff());","","app.set('view engine', 'jade');","","","// -----------------","// Set up our little demo API","// -----------------","var api = require('./fakeApi');","app.get('/api/people', api.list);","app.get('/api/people/:id', api.get);","app.delete('/api/people/:id', api.delete);","app.put('/api/people/:id', api.update);","app.post('/api/people', api.add);","","","// -----------------","// Enable the functional test site in development","// -----------------","if (config.isDev) {","    app.get('/test*', semiStatic({","        folderPath: fixPath('test'),","        root: '/test'","    }));","}","","","// -----------------","// Set our client config cookie","// -----------------","app.use(function (req, res, next) {","    res.cookie('config', JSON.stringify(config.client));","    next();","});","","","// ---------------------------------------------------","// Configure Moonboots to serve our client application","// ---------------------------------------------------","new Moonboots({","    moonboots: {","        jsFileName: '{{{machineName}}}',","        cssFileName: '{{{machineName}}}',","        main: fixPath('client/app.js'),","        developmentMode: config.isDev,","        libraries: [","        ],","        stylesheets: [","            fixPath('stylesheets/bootstrap.css'),","            fixPath('stylesheets/app.css')","        ],","        browserify: {","            debug: config.isDev","        },","        beforeBuildJS: function () {","            // This re-builds our template files from jade each time the app's main","            // js file is requested. Which means you can seamlessly change jade and","            // refresh in your browser to get new templates.","            if (config.isDev) {","                templatizer(fixPath('templates'), fixPath('client/templates.js'));","            }","        },","        beforeBuildCSS: function (done) {","            // This re-builds css from stylus each time the app's main","            // css file is requested. Which means you can seamlessly change stylus files","            // and see new styles on refresh.","            if (config.isDev) {","                stylizer({","                    infile: fixPath('stylesheets/app.styl'),","                    outfile: fixPath('stylesheets/app.css'),","                    development: true","                }, done);","            } else {","                done();","            }","        }","    },","    server: app","});","","","// listen for incoming http requests on the port as specified in our config","app.listen(config.http.port);","console.log('{{{title}}} is running at: http://localhost:' + config.http.port + ' Yep. That\\'s pretty awesome.');",""],"l":{"2":2,"3":2,"4":0,"5":0,"6":0,"7":0,"8":0,"9":0,"10":0,"11":0,"12":0,"13":0,"14":0,"17":0,"18":0,"25":0,"26":0,"29":0,"30":0,"31":0,"34":0,"35":0,"36":0,"39":0,"40":0,"42":0,"43":0,"45":0,"51":0,"52":0,"53":0,"54":0,"55":0,"56":0,"62":0,"63":0,"73":0,"74":0,"75":0,"82":0,"101":0,"102":0,"109":0,"110":0,"116":0,"125":0,"126":0}},"/home/travis/build/npmtest/node-npmtest-ampersand/node_modules/ampersand/template/hapi/moonbootsConfig.js":{"path":"/home/travis/build/npmtest/node-npmtest-ampersand/node_modules/ampersand/template/hapi/moonbootsConfig.js","s":{"1":2,"2":0,"3":0,"4":0,"5":0,"6":0,"7":0,"8":0,"9":0,"10":0,"11":0,"12":0},"b":{"1":[0,0],"2":[0,0]},"f":{"1":0,"2":0},"fnMap":{"1":{"name":"(anonymous_1)","line":41,"loc":{"start":{"line":41,"column":23},"end":{"line":41,"column":35}}},"2":{"name":"(anonymous_2)","line":49,"loc":{"start":{"line":49,"column":24},"end":{"line":49,"column":40}}}},"statementMap":{"1":{"start":{"line":1,"column":0},"end":{"line":1,"column":34}},"2":{"start":{"line":2,"column":0},"end":{"line":2,"column":35}},"3":{"start":{"line":3,"column":0},"end":{"line":3,"column":41}},"4":{"start":{"line":6,"column":0},"end":{"line":6,"column":35}},"5":{"start":{"line":7,"column":0},"end":{"line":7,"column":40}},"6":{"start":{"line":10,"column":0},"end":{"line":71,"column":2}},"7":{"start":{"line":45,"column":12},"end":{"line":47,"column":13}},"8":{"start":{"line":46,"column":16},"end":{"line":46,"column":80}},"9":{"start":{"line":52,"column":12},"end":{"line":55,"column":13}},"10":{"start":{"line":53,"column":16},"end":{"line":53,"column":23}},"11":{"start":{"line":54,"column":16},"end":{"line":54,"column":23}},"12":{"start":{"line":61,"column":12},"end":{"line":68,"column":21}}},"branchMap":{"1":{"line":45,"type":"if","locations":[{"start":{"line":45,"column":12},"end":{"line":45,"column":12}},{"start":{"line":45,"column":12},"end":{"line":45,"column":12}}]},"2":{"line":52,"type":"if","locations":[{"start":{"line":52,"column":12},"end":{"line":52,"column":12}},{"start":{"line":52,"column":12},"end":{"line":52,"column":12}}]}},"code":["var config = require('getconfig');","var stylizer = require('stylizer');","var templatizer = require('templatizer');","","// for reuse","var appDir = __dirname + '/client';","var cssDir = __dirname + '/stylesheets';","","","module.exports = {","    // Tell the Hapi server what URLs the application should be served from.","    // Since we're doing clientside routing we want to serve this from some type","    // of wildcard url.","    // examples:","    //     '/{p*}' - match everything that isn't matched by something more specific","    //     '/dashboard/{p*}' - serve the app at all routes starting with '/dashboard'","    appPath: '/{p*}',","    // The moonboots config","    moonboots: {","        // The base name of the javascript file served in the <script src=\"the_name.*.js\">","        jsFileName: '{{{machineName}}}',","        // The base name of the css file served in the <link rel=\"stylesheet\" src=\"the_name.*.css\">","        cssFileName: '{{{machineName}}}',","        main: appDir + '/app.js',","        developmentMode: config.isDev,","        // Specify any non-commonjs libraries we wish to include.","        // You can think of this as your list of <script> tags in your HTML.","        // These will simply be included before any of your application code in the","        // order you provide them. So for example, if you're using jQuery make sure","        // you list any plugins after jQuery itself.","        libraries: [","        ],","        // Specify the stylesheets we want to bundle","        stylesheets: [","            cssDir + '/bootstrap.css',","            cssDir + '/app.css'","        ],","        browserify: {","            debug: config.isDev","        },","        beforeBuildJS: function () {","            // This re-builds our template files from jade each time the app's main","            // js file is requested. Which means you can seamlessly change jade and","            // refresh in your browser to get new templates.","            if (config.isDev) {","                templatizer(__dirname + '/templates', appDir + '/templates.js');","            }","        },","        beforeBuildCSS: function (done) {","            // We only want to do this in dev mode. If it's not in dev mode, this","            // function will only be run once.","            if (!config.isDev) {","                done();","                return;","            }","            // Re-compile stylus to css each time the app's main css file is requested.","            // In addition there's a \"watch\" option that will make stylizer also be able","            // to talk to livereaload (http://livereload.com/) browser plugins for sneakily","            // refreshing styles without waiting for you to refresh or running/configuring","            // the live reload app.","            stylizer({","                infile: cssDir + '/app.styl',","                outfile: cssDir + '/app.css',","                development: true,","                // Beware there's an issue with watch on OSX that causes issues with","                // watch if you're not running node 0.10.25 or later.","                watch: cssDir + '/**/*.styl'","            }, done);","        }","    }","};",""],"l":{"1":2,"2":0,"3":0,"6":0,"7":0,"10":0,"45":0,"46":0,"52":0,"53":0,"54":0,"61":0}},"/home/travis/build/npmtest/node-npmtest-ampersand/node_modules/ampersand/template/hapi/staticRoutes.js":{"path":"/home/travis/build/npmtest/node-npmtest-ampersand/node_modules/ampersand/template/hapi/staticRoutes.js","s":{"1":1,"2":0,"3":0,"4":0,"5":0,"6":1},"b":{},"f":{"1":0},"fnMap":{"1":{"name":"(anonymous_1)","line":1,"loc":{"start":{"line":1,"column":19},"end":{"line":1,"column":52}}}},"statementMap":{"1":{"start":{"line":1,"column":0},"end":{"line":23,"column":2}},"2":{"start":{"line":3,"column":4},"end":{"line":7,"column":7}},"3":{"start":{"line":10,"column":4},"end":{"line":14,"column":7}},"4":{"start":{"line":16,"column":4},"end":{"line":20,"column":7}},"5":{"start":{"line":22,"column":4},"end":{"line":22,"column":11}},"6":{"start":{"line":25,"column":0},"end":{"line":28,"column":2}}},"branchMap":{},"code":["exports.register = function (plugin, options, next) {        ","    // Tell Hapi to handle the public folder as a file directory","    plugin.route({ ","        method: 'GET',","        path: '/images/{param*}',","        handler: {directory: {path: 'public/images/'}}","    });","","    // We expect those files to be availiable from the root of our web app","    plugin.route({","        method: 'GET',","        path: '/robots.txt',","        handler: {file: {path: 'public/robots.txt'}}","    });","","    plugin.route({","        method: 'GET',","        path: '/favicon.ico',","        handler: {file: {path: 'public/favicon.ico'}}","    });","","    next();","};","","exports.register.attributes = {","    version: '0.0.0',","    name: 'static_routes'","};",""],"l":{"1":1,"3":0,"10":0,"16":0,"22":0,"25":1}}}